# JRE version: OpenJDK Runtime Environment Temurin-21.0.11+10 (21.0.11+10) (build 21.0.11+10-LTS)
# Java VM: OpenJDK 64-Bit Server VM Temurin-21.0.11+10 (21.0.11+10-LTS, mixed mode, sharing, tiered, compressed oops, compressed class ptrs, g1 gc, windows-amd64)
GC Precious Log:
 CardTable entry size: 512
 Card Set container configuration: InlinePtr #cards 5 size 8 Array Of Cards #cards 12 size 40 Howl #buckets 4 coarsen threshold 1843 Howl Bitmap #cards 512 size 80 coarsen threshold 460 Card regions per heap region 1 cards per card region 2048
 CPUs: 12 total, 12 available
 Memory: 16087M
 Large Page Support: Disabled
 NUMA Support: Disabled
 Compressed Oops: Enabled (32-bit)
 Heap Region Size: 1M
 Heap Min Capacity: 256M
 Heap Initial Capacity: 256M
 Heap Max Capacity: 512M
 Pre-touch: Disabled
 Parallel Workers: 10
 Concurrent Workers: 3
 Concurrent Refinement Workers: 10
 Periodic GC: Disabled
Heap:
 garbage-first heap   total 262144K, used 120406K [0x00000000e0000000, 0x0000000100000000)
  region size 1024K, 61 young (62464K), 3 survivors (3072K)
 Metaspace       used 52654K, committed 54400K, reserved 393216K
  class space    used 7415K, committed 8256K, reserved 327680K
GC Heap History (20 events):
Event: 0.353 GC heap before
{Heap before GC invocations=0 (full 0):
 garbage-first heap   total 262144K, used 26624K [0x00000000e0000000, 0x0000000100000000)
  region size 1024K, 23 young (23552K), 0 survivors (0K)
 Metaspace       used 1112K, committed 1216K, reserved 393216K
  class space    used 81K, committed 128K, reserved 327680K
}
Event: 0.356 GC heap after
{Heap after GC invocations=1 (full 0):
 garbage-first heap   total 262144K, used 9295K [0x00000000e0000000, 0x0000000100000000)
  region size 1024K, 3 young (3072K), 3 survivors (3072K)
 Metaspace       used 1112K, committed 1216K, reserved 393216K
  class space    used 81K, committed 128K, reserved 327680K
}
Event: 0.933 GC heap before
{Heap before GC invocations=1 (full 0):
 garbage-first heap   total 262144K, used 41039K [0x00000000e0000000, 0x0000000100000000)
  region size 1024K, 34 young (34816K), 3 survivors (3072K)
 Metaspace       used 4297K, committed 4480K, reserved 393216K
  class space    used 546K, committed 640K, reserved 327680K
}
Event: 0.936 GC heap after
{Heap after GC invocations=2 (full 0):
 garbage-first heap   total 262144K, used 12318K [0x00000000e0000000, 0x0000000100000000)
  region size 1024K, 3 young (3072K), 3 survivors (3072K)
 Metaspace       used 4297K, committed 4480K, reserved 393216K
  class space    used 546K, committed 640K, reserved 327680K
}
Event: 1.347 GC heap before
{Heap before GC invocations=2 (full 0):
 garbage-first heap   total 262144K, used 60446K [0x00000000e0000000, 0x0000000100000000)
  region size 1024K, 48 young (49152K), 3 survivors (3072K)
 Metaspace       used 5932K, committed 6208K, reserved 393216K
  class space    used 785K, committed 896K, reserved 327680K
}
Event: 1.351 GC heap after
{Heap after GC invocations=3 (full 0):
 garbage-first heap   total 262144K, used 18743K [0x00000000e0000000, 0x0000000100000000)
  region size 1024K, 6 young (6144K), 6 survivors (6144K)
 Metaspace       used 5932K, committed 6208K, reserved 393216K
  class space    used 785K, committed 896K, reserved 327680K
}
Event: 2.791 GC heap before
{Heap before GC invocations=3 (full 0):
 garbage-first heap   total 262144K, used 105783K [0x00000000e0000000, 0x0000000100000000)
  region size 1024K, 92 young (94208K), 6 survivors (6144K)
 Metaspace       used 20793K, committed 21504K, reserved 393216K
  class space    used 3073K, committed 3392K, reserved 327680K
}
Event: 2.798 GC heap after
{Heap after GC invocations=4 (full 0):
 garbage-first heap   total 262144K, used 25544K [0x00000000e0000000, 0x0000000100000000)
  region size 1024K, 13 young (13312K), 13 survivors (13312K)
 Metaspace       used 20793K, committed 21504K, reserved 393216K
  class space    used 3073K, committed 3392K, reserved 327680K
}
Event: 4.329 GC heap before
{Heap before GC invocations=5 (full 0):
 garbage-first heap   total 262144K, used 116680K [0x00000000e0000000, 0x0000000100000000)
  region size 1024K, 104 young (106496K), 13 survivors (13312K)
 Metaspace       used 34726K, committed 35968K, reserved 393216K
  class space    used 5160K, committed 5760K, reserved 327680K
}
Event: 4.338 GC heap after
{Heap after GC invocations=6 (full 0):
 garbage-first heap   total 262144K, used 32705K [0x00000000e0000000, 0x0000000100000000)
  region size 1024K, 14 young (14336K), 14 survivors (14336K)
 Metaspace       used 34726K, committed 35968K, reserved 393216K
  class space    used 5160K, committed 5760K, reserved 327680K
}
Event: 4.354 GC heap before
{Heap before GC invocations=6 (full 0):
 garbage-first heap   total 262144K, used 32705K [0x00000000e0000000, 0x0000000100000000)
  region size 1024K, 15 young (15360K), 14 survivors (14336K)
 Metaspace       used 35050K, committed 36288K, reserved 393216K
  class space    used 5187K, committed 5824K, reserved 327680K
}
Event: 4.364 GC heap after
{Heap after GC invocations=7 (full 0):
 garbage-first heap   total 262144K, used 33160K [0x00000000e0000000, 0x0000000100000000)
  region size 1024K, 8 young (8192K), 8 survivors (8192K)
 Metaspace       used 35050K, committed 36288K, reserved 393216K
  class space    used 5187K, committed 5824K, reserved 327680K
}
Event: 4.405 GC heap before
{Heap before GC invocations=7 (full 0):
 garbage-first heap   total 262144K, used 35208K [0x00000000e0000000, 0x0000000100000000)
  region size 1024K, 12 young (12288K), 8 survivors (8192K)
 Metaspace       used 35369K, committed 36608K, reserved 393216K
  class space    used 5215K, committed 5824K, reserved 327680K
}
Event: 4.409 GC heap after
{Heap after GC invocations=8 (full 0):
 garbage-first heap   total 262144K, used 33103K [0x00000000e0000000, 0x0000000100000000)
  region size 1024K, 8 young (8192K), 8 survivors (8192K)
 Metaspace       used 35369K, committed 36608K, reserved 393216K
  class space    used 5215K, committed 5824K, reserved 327680K
}
Event: 7.493 GC heap before
{Heap before GC invocations=9 (full 0):
 garbage-first heap   total 262144K, used 187727K [0x00000000e0000000, 0x0000000100000000)
  region size 1024K, 153 young (156672K), 8 survivors (8192K)
 Metaspace       used 48200K, committed 49920K, reserved 393216K
  class space    used 7021K, committed 7872K, reserved 327680K
}
Event: 7.515 GC heap after
{Heap after GC invocations=10 (full 0):
 garbage-first heap   total 262144K, used 44538K [0x00000000e0000000, 0x0000000100000000)
  region size 1024K, 19 young (19456K), 19 survivors (19456K)
 Metaspace       used 48200K, committed 49920K, reserved 393216K
  class space    used 7021K, committed 7872K, reserved 327680K
}
Event: 10.368 GC heap before
{Heap before GC invocations=10 (full 0):
 garbage-first heap   total 262144K, used 186874K [0x00000000e0000000, 0x0000000100000000)
  region size 1024K, 153 young (156672K), 19 survivors (19456K)
 Metaspace       used 51243K, committed 52992K, reserved 393216K
  class space    used 7367K, committed 8192K, reserved 327680K
}
Event: 10.379 GC heap after
{Heap after GC invocations=11 (full 0):
 garbage-first heap   total 262144K, used 60089K [0x00000000e0000000, 0x0000000100000000)
  region size 1024K, 12 young (12288K), 12 survivors (12288K)
 Metaspace       used 51243K, committed 52992K, reserved 393216K
  class space    used 7367K, committed 8192K, reserved 327680K
}
Event: 2268.401 GC heap before
{Heap before GC invocations=11 (full 0):
 garbage-first heap   total 262144K, used 204473K [0x00000000e0000000, 0x0000000100000000)
  region size 1024K, 153 young (156672K), 12 survivors (12288K)
 Metaspace       used 52534K, committed 54336K, reserved 393216K
  class space    used 7408K, committed 8256K, reserved 327680K
}
Event: 2268.418 GC heap after
{Heap after GC invocations=12 (full 0):
 garbage-first heap   total 262144K, used 62038K [0x00000000e0000000, 0x0000000100000000)
  region size 1024K, 3 young (3072K), 3 survivors (3072K)
 Metaspace       used 52534K, committed 54336K, reserved 393216K
  class space    used 7408K, committed 8256K, reserved 327680K
}

