# JRE version: OpenJDK Runtime Environment Temurin-21.0.11+10 (21.0.11+10) (build 21.0.11+10-LTS)
# Java VM: OpenJDK 64-Bit Server VM Temurin-21.0.11+10 (21.0.11+10-LTS, mixed mode, sharing, tiered, compressed oops, compressed class ptrs, parallel gc, windows-amd64)
GC Precious Log:
 CardTable entry size: 512
 CPUs: 12 total, 12 available
 Memory: 16087M
 Large Page Support: Disabled
 NUMA Support: Disabled
 Compressed Oops: Enabled (32-bit)
 Alignments: Space 512K, Generation 512K, Heap 2M
 Heap Min Capacity: 100M
 Heap Initial Capacity: 100M
 Heap Max Capacity: 2G
 Pre-touch: Disabled
 Parallel Workers: 10
Heap:
 PSYoungGen      total 14336K, used 14084K [0x00000000d5580000, 0x00000000d6980000, 0x0000000100000000)
  eden space 13312K, 98% used [0x00000000d5580000,0x00000000d6244d70,0x00000000d6280000)
  from space 1024K, 98% used [0x00000000d6780000,0x00000000d687c660,0x00000000d6880000)
  to   space 512K, 0% used [0x00000000d6900000,0x00000000d6900000,0x00000000d6980000)
 ParOldGen       total 68608K, used 67226K [0x0000000080000000, 0x0000000084300000, 0x00000000d5580000)
  object space 68608K, 97% used [0x0000000080000000,0x00000000841a6ba0,0x0000000084300000)
 Metaspace       used 62398K, committed 63936K, reserved 1114112K
  class space    used 7537K, committed 8256K, reserved 1048576K
GC Heap History (20 events):
Event: 10.930 GC heap before
{Heap before GC invocations=37 (full 2):
 PSYoungGen      total 22528K, used 22496K [0x00000000d5580000, 0x00000000d7400000, 0x0000000100000000)
  eden space 21504K, 100% used [0x00000000d5580000,0x00000000d6a80000,0x00000000d6a80000)
  from space 1024K, 96% used [0x00000000d6f00000,0x00000000d6ff8010,0x00000000d7000000)
  to   space 4608K, 0% used [0x00000000d6a80000,0x00000000d6a80000,0x00000000d6f00000)
 ParOldGen       total 68608K, used 52761K [0x0000000080000000, 0x0000000084300000, 0x00000000d5580000)
  object space 68608K, 76% used [0x0000000080000000,0x0000000083386740,0x0000000084300000)
 Metaspace       used 57742K, committed 59200K, reserved 1114112K
  class space    used 6821K, committed 7488K, reserved 1048576K
}
Event: 10.933 GC heap after
{Heap after GC invocations=37 (full 2):
 PSYoungGen      total 23552K, used 1912K [0x00000000d5580000, 0x00000000d7080000, 0x0000000100000000)
  eden space 21504K, 0% used [0x00000000d5580000,0x00000000d5580000,0x00000000d6a80000)
  from space 2048K, 93% used [0x00000000d6a80000,0x00000000d6c5e200,0x00000000d6c80000)
  to   space 3072K, 0% used [0x00000000d6d80000,0x00000000d6d80000,0x00000000d7080000)
 ParOldGen       total 68608K, used 53793K [0x0000000080000000, 0x0000000084300000, 0x00000000d5580000)
  object space 68608K, 78% used [0x0000000080000000,0x0000000083488750,0x0000000084300000)
 Metaspace       used 57742K, committed 59200K, reserved 1114112K
  class space    used 6821K, committed 7488K, reserved 1048576K
}
Event: 11.035 GC heap before
{Heap before GC invocations=38 (full 2):
 PSYoungGen      total 23552K, used 23416K [0x00000000d5580000, 0x00000000d7080000, 0x0000000100000000)
  eden space 21504K, 100% used [0x00000000d5580000,0x00000000d6a80000,0x00000000d6a80000)
  from space 2048K, 93% used [0x00000000d6a80000,0x00000000d6c5e200,0x00000000d6c80000)
  to   space 3072K, 0% used [0x00000000d6d80000,0x00000000d6d80000,0x00000000d7080000)
 ParOldGen       total 68608K, used 53793K [0x0000000080000000, 0x0000000084300000, 0x00000000d5580000)
  object space 68608K, 78% used [0x0000000080000000,0x0000000083488750,0x0000000084300000)
 Metaspace       used 58093K, committed 59584K, reserved 1114112K
  class space    used 6855K, committed 7488K, reserved 1048576K
}
Event: 11.039 GC heap after
{Heap after GC invocations=38 (full 2):
 PSYoungGen      total 23552K, used 1536K [0x00000000d5580000, 0x00000000d6f80000, 0x0000000100000000)
  eden space 21504K, 0% used [0x00000000d5580000,0x00000000d5580000,0x00000000d6a80000)
  from space 2048K, 75% used [0x00000000d6d80000,0x00000000d6f00020,0x00000000d6f80000)
  to   space 2048K, 0% used [0x00000000d6a80000,0x00000000d6a80000,0x00000000d6c80000)
 ParOldGen       total 68608K, used 55610K [0x0000000080000000, 0x0000000084300000, 0x00000000d5580000)
  object space 68608K, 81% used [0x0000000080000000,0x000000008364e950,0x0000000084300000)
 Metaspace       used 58093K, committed 59584K, reserved 1114112K
  class space    used 6855K, committed 7488K, reserved 1048576K
}
Event: 14.961 GC heap before
{Heap before GC invocations=39 (full 2):
 PSYoungGen      total 23552K, used 17706K [0x00000000d5580000, 0x00000000d6f80000, 0x0000000100000000)
  eden space 21504K, 75% used [0x00000000d5580000,0x00000000d654a940,0x00000000d6a80000)
  from space 2048K, 75% used [0x00000000d6d80000,0x00000000d6f00020,0x00000000d6f80000)
  to   space 2048K, 0% used [0x00000000d6a80000,0x00000000d6a80000,0x00000000d6c80000)
 ParOldGen       total 68608K, used 55610K [0x0000000080000000, 0x0000000084300000, 0x00000000d5580000)
  object space 68608K, 81% used [0x0000000080000000,0x000000008364e950,0x0000000084300000)
 Metaspace       used 59341K, committed 60736K, reserved 1114112K
  class space    used 7011K, committed 7616K, reserved 1048576K
}
Event: 14.964 GC heap after
{Heap after GC invocations=39 (full 2):
 PSYoungGen      total 23552K, used 736K [0x00000000d5580000, 0x00000000d6e00000, 0x0000000100000000)
  eden space 21504K, 0% used [0x00000000d5580000,0x00000000d5580000,0x00000000d6a80000)
  from space 2048K, 35% used [0x00000000d6a80000,0x00000000d6b38000,0x00000000d6c80000)
  to   space 1536K, 0% used [0x00000000d6c80000,0x00000000d6c80000,0x00000000d6e00000)
 ParOldGen       total 68608K, used 57006K [0x0000000080000000, 0x0000000084300000, 0x00000000d5580000)
  object space 68608K, 83% used [0x0000000080000000,0x00000000837abb90,0x0000000084300000)
 Metaspace       used 59341K, committed 60736K, reserved 1114112K
  class space    used 7011K, committed 7616K, reserved 1048576K
}
Event: 14.964 GC heap before
{Heap before GC invocations=40 (full 3):
 PSYoungGen      total 23552K, used 736K [0x00000000d5580000, 0x00000000d6e00000, 0x0000000100000000)
  eden space 21504K, 0% used [0x00000000d5580000,0x00000000d5580000,0x00000000d6a80000)
  from space 2048K, 35% used [0x00000000d6a80000,0x00000000d6b38000,0x00000000d6c80000)
  to   space 1536K, 0% used [0x00000000d6c80000,0x00000000d6c80000,0x00000000d6e00000)
 ParOldGen       total 68608K, used 57006K [0x0000000080000000, 0x0000000084300000, 0x00000000d5580000)
  object space 68608K, 83% used [0x0000000080000000,0x00000000837abb90,0x0000000084300000)
 Metaspace       used 59341K, committed 60736K, reserved 1114112K
  class space    used 7011K, committed 7616K, reserved 1048576K
}
Event: 15.034 GC heap after
{Heap after GC invocations=40 (full 3):
 PSYoungGen      total 23552K, used 0K [0x00000000d5580000, 0x00000000d6e00000, 0x0000000100000000)
  eden space 21504K, 0% used [0x00000000d5580000,0x00000000d5580000,0x00000000d6a80000)
  from space 2048K, 0% used [0x00000000d6a80000,0x00000000d6a80000,0x00000000d6c80000)
  to   space 1536K, 0% used [0x00000000d6c80000,0x00000000d6c80000,0x00000000d6e00000)
 ParOldGen       total 68608K, used 54280K [0x0000000080000000, 0x0000000084300000, 0x00000000d5580000)
  object space 68608K, 79% used [0x0000000080000000,0x0000000083502040,0x0000000084300000)
 Metaspace       used 59330K, committed 60736K, reserved 1114112K
  class space    used 7008K, committed 7616K, reserved 1048576K
}
Event: 18.585 GC heap before
{Heap before GC invocations=41 (full 3):
 PSYoungGen      total 23552K, used 21504K [0x00000000d5580000, 0x00000000d6e00000, 0x0000000100000000)
  eden space 21504K, 100% used [0x00000000d5580000,0x00000000d6a80000,0x00000000d6a80000)
  from space 2048K, 0% used [0x00000000d6a80000,0x00000000d6a80000,0x00000000d6c80000)
  to   space 1536K, 0% used [0x00000000d6c80000,0x00000000d6c80000,0x00000000d6e00000)
 ParOldGen       total 68608K, used 54280K [0x0000000080000000, 0x0000000084300000, 0x00000000d5580000)
  object space 68608K, 79% used [0x0000000080000000,0x0000000083502040,0x0000000084300000)
 Metaspace       used 60646K, committed 62144K, reserved 1114112K
  class space    used 7201K, committed 7872K, reserved 1048576K
}
Event: 18.587 GC heap after
{Heap after GC invocations=41 (full 3):
 PSYoungGen      total 14848K, used 1535K [0x00000000d5580000, 0x00000000d7e80000, 0x0000000100000000)
  eden space 13312K, 0% used [0x00000000d5580000,0x00000000d5580000,0x00000000d6280000)
  from space 1536K, 99% used [0x00000000d6c80000,0x00000000d6dffd70,0x00000000d6e00000)
  to   space 10240K, 0% used [0x00000000d6280000,0x00000000d6280000,0x00000000d6c80000)
 ParOldGen       total 68608K, used 61293K [0x0000000080000000, 0x0000000084300000, 0x00000000d5580000)
  object space 68608K, 89% used [0x0000000080000000,0x0000000083bdb638,0x0000000084300000)
 Metaspace       used 60646K, committed 62144K, reserved 1114112K
  class space    used 7201K, committed 7872K, reserved 1048576K
}
Event: 18.745 GC heap before
{Heap before GC invocations=42 (full 3):
 PSYoungGen      total 14848K, used 14847K [0x00000000d5580000, 0x00000000d7e80000, 0x0000000100000000)
  eden space 13312K, 100% used [0x00000000d5580000,0x00000000d6280000,0x00000000d6280000)
  from space 1536K, 99% used [0x00000000d6c80000,0x00000000d6dffd70,0x00000000d6e00000)
  to   space 10240K, 0% used [0x00000000d6280000,0x00000000d6280000,0x00000000d6c80000)
 ParOldGen       total 68608K, used 61293K [0x0000000080000000, 0x0000000084300000, 0x00000000d5580000)
  object space 68608K, 89% used [0x0000000080000000,0x0000000083bdb638,0x0000000084300000)
 Metaspace       used 61448K, committed 62912K, reserved 1114112K
  class space    used 7361K, committed 8000K, reserved 1048576K
}
Event: 18.746 GC heap after
{Heap after GC invocations=42 (full 3):
 PSYoungGen      total 14336K, used 640K [0x00000000d5580000, 0x00000000d6d00000, 0x0000000100000000)
  eden space 13312K, 0% used [0x00000000d5580000,0x00000000d5580000,0x00000000d6280000)
  from space 1024K, 62% used [0x00000000d6280000,0x00000000d6320000,0x00000000d6380000)
  to   space 3584K, 0% used [0x00000000d6980000,0x00000000d6980000,0x00000000d6d00000)
 ParOldGen       total 68608K, used 62841K [0x0000000080000000, 0x0000000084300000, 0x00000000d5580000)
  object space 68608K, 91% used [0x0000000080000000,0x0000000083d5e570,0x0000000084300000)
 Metaspace       used 61448K, committed 62912K, reserved 1114112K
  class space    used 7361K, committed 8000K, reserved 1048576K
}
Event: 18.897 GC heap before
{Heap before GC invocations=43 (full 3):
 PSYoungGen      total 14336K, used 13952K [0x00000000d5580000, 0x00000000d6d00000, 0x0000000100000000)
  eden space 13312K, 100% used [0x00000000d5580000,0x00000000d6280000,0x00000000d6280000)
  from space 1024K, 62% used [0x00000000d6280000,0x00000000d6320000,0x00000000d6380000)
  to   space 3584K, 0% used [0x00000000d6980000,0x00000000d6980000,0x00000000d6d00000)
 ParOldGen       total 68608K, used 62841K [0x0000000080000000, 0x0000000084300000, 0x00000000d5580000)
  object space 68608K, 91% used [0x0000000080000000,0x0000000083d5e570,0x0000000084300000)
 Metaspace       used 61740K, committed 63232K, reserved 1114112K
  class space    used 7396K, committed 8064K, reserved 1048576K
}
Event: 18.898 GC heap after
{Heap after GC invocations=43 (full 3):
 PSYoungGen      total 13824K, used 480K [0x00000000d5580000, 0x00000000d6a00000, 0x0000000100000000)
  eden space 13312K, 0% used [0x00000000d5580000,0x00000000d5580000,0x00000000d6280000)
  from space 512K, 93% used [0x00000000d6980000,0x00000000d69f8000,0x00000000d6a00000)
  to   space 1024K, 0% used [0x00000000d6800000,0x00000000d6800000,0x00000000d6900000)
 ParOldGen       total 68608K, used 63289K [0x0000000080000000, 0x0000000084300000, 0x00000000d5580000)
  object space 68608K, 92% used [0x0000000080000000,0x0000000083dce570,0x0000000084300000)
 Metaspace       used 61740K, committed 63232K, reserved 1114112K
  class space    used 7396K, committed 8064K, reserved 1048576K
}
Event: 19.073 GC heap before
{Heap before GC invocations=44 (full 3):
 PSYoungGen      total 13824K, used 13792K [0x00000000d5580000, 0x00000000d6a00000, 0x0000000100000000)
  eden space 13312K, 100% used [0x00000000d5580000,0x00000000d6280000,0x00000000d6280000)
  from space 512K, 93% used [0x00000000d6980000,0x00000000d69f8000,0x00000000d6a00000)
  to   space 1024K, 0% used [0x00000000d6800000,0x00000000d6800000,0x00000000d6900000)
 ParOldGen       total 68608K, used 63289K [0x0000000080000000, 0x0000000084300000, 0x00000000d5580000)
  object space 68608K, 92% used [0x0000000080000000,0x0000000083dce570,0x0000000084300000)
 Metaspace       used 61742K, committed 63232K, reserved 1114112K
  class space    used 7396K, committed 8064K, reserved 1048576K
}
Event: 19.074 GC heap after
{Heap after GC invocations=44 (full 3):
 PSYoungGen      total 14336K, used 512K [0x00000000d5580000, 0x00000000d6a00000, 0x0000000100000000)
  eden space 13312K, 0% used [0x00000000d5580000,0x00000000d5580000,0x00000000d6280000)
  from space 1024K, 50% used [0x00000000d6800000,0x00000000d6880000,0x00000000d6900000)
  to   space 1024K, 0% used [0x00000000d6900000,0x00000000d6900000,0x00000000d6a00000)
 ParOldGen       total 68608K, used 63610K [0x0000000080000000, 0x0000000084300000, 0x00000000d5580000)
  object space 68608K, 92% used [0x0000000080000000,0x0000000083e1e910,0x0000000084300000)
 Metaspace       used 61742K, committed 63232K, reserved 1114112K
  class space    used 7396K, committed 8064K, reserved 1048576K
}
Event: 19.188 GC heap before
{Heap before GC invocations=45 (full 3):
 PSYoungGen      total 14336K, used 13824K [0x00000000d5580000, 0x00000000d6a00000, 0x0000000100000000)
  eden space 13312K, 100% used [0x00000000d5580000,0x00000000d6280000,0x00000000d6280000)
  from space 1024K, 50% used [0x00000000d6800000,0x00000000d6880000,0x00000000d6900000)
  to   space 1024K, 0% used [0x00000000d6900000,0x00000000d6900000,0x00000000d6a00000)
 ParOldGen       total 68608K, used 63610K [0x0000000080000000, 0x0000000084300000, 0x00000000d5580000)
  object space 68608K, 92% used [0x0000000080000000,0x0000000083e1e910,0x0000000084300000)
 Metaspace       used 61745K, committed 63232K, reserved 1114112K
  class space    used 7396K, committed 8064K, reserved 1048576K
}
Event: 19.188 GC heap after
{Heap after GC invocations=45 (full 3):
 PSYoungGen      total 13824K, used 512K [0x00000000d5580000, 0x00000000d6980000, 0x0000000100000000)
  eden space 13312K, 0% used [0x00000000d5580000,0x00000000d5580000,0x00000000d6280000)
  from space 512K, 100% used [0x00000000d6900000,0x00000000d6980000,0x00000000d6980000)
  to   space 1024K, 0% used [0x00000000d6780000,0x00000000d6780000,0x00000000d6880000)
 ParOldGen       total 68608K, used 64002K [0x0000000080000000, 0x0000000084300000, 0x00000000d5580000)
  object space 68608K, 93% used [0x0000000080000000,0x0000000083e80910,0x0000000084300000)
 Metaspace       used 61745K, committed 63232K, reserved 1114112K
  class space    used 7396K, committed 8064K, reserved 1048576K
}
Event: 20.288 GC heap before
{Heap before GC invocations=46 (full 3):
 PSYoungGen      total 13824K, used 13824K [0x00000000d5580000, 0x00000000d6980000, 0x0000000100000000)
  eden space 13312K, 100% used [0x00000000d5580000,0x00000000d6280000,0x00000000d6280000)
  from space 512K, 100% used [0x00000000d6900000,0x00000000d6980000,0x00000000d6980000)
  to   space 1024K, 0% used [0x00000000d6780000,0x00000000d6780000,0x00000000d6880000)
 ParOldGen       total 68608K, used 64002K [0x0000000080000000, 0x0000000084300000, 0x00000000d5580000)
  object space 68608K, 93% used [0x0000000080000000,0x0000000083e80910,0x0000000084300000)
 Metaspace       used 61749K, committed 63232K, reserved 1114112K
  class space    used 7396K, committed 8064K, reserved 1048576K
}
Event: 22.292 GC heap after
{Heap after GC invocations=46 (full 3):
 PSYoungGen      total 14336K, used 1009K [0x00000000d5580000, 0x00000000d6980000, 0x0000000100000000)
  eden space 13312K, 0% used [0x00000000d5580000,0x00000000d5580000,0x00000000d6280000)
  from space 1024K, 98% used [0x00000000d6780000,0x00000000d687c660,0x00000000d6880000)
  to   space 512K, 0% used [0x00000000d6900000,0x00000000d6900000,0x00000000d6980000)
 ParOldGen       total 68608K, used 67226K [0x0000000080000000, 0x0000000084300000, 0x00000000d5580000)
  object space 68608K, 97% used [0x0000000080000000,0x00000000841a6ba0,0x0000000084300000)
 Metaspace       used 61749K, committed 63232K, reserved 1114112K
  class space    used 7396K, committed 8064K, reserved 1048576K
}

