# JRE version: OpenJDK Runtime Environment Temurin-21.0.11+10 (21.0.11+10) (build 21.0.11+10-LTS)
# Java VM: OpenJDK 64-Bit Server VM Temurin-21.0.11+10 (21.0.11+10-LTS, mixed mode, sharing, tiered, compressed oops, compressed class ptrs, parallel gc, windows-amd64)
GC Precious Log:
 CardTable entry size: 512
 CPUs: 12 total, 12 available
 Memory: 16087M
 Large Page Support: Disabled
 NUMA Support: Disabled
 Compressed Oops: Enabled (32-bit)
 Alignments: Space 512K, Generation 512K, Heap 2M
 Heap Min Capacity: 100M
 Heap Initial Capacity: 100M
 Heap Max Capacity: 2G
 Pre-touch: Disabled
 Parallel Workers: 10
Heap:
 PSYoungGen      total 9216K, used 7164K [0x00000000d5580000, 0x00000000d6380000, 0x0000000100000000)
  eden space 8704K, 78% used [0x00000000d5580000,0x00000000d5c2f2b0,0x00000000d5e00000)
  from space 512K, 62% used [0x00000000d6280000,0x00000000d62d0000,0x00000000d6300000)
  to   space 512K, 0% used [0x00000000d6300000,0x00000000d6300000,0x00000000d6380000)
 ParOldGen       total 70656K, used 70462K [0x0000000080000000, 0x0000000084500000, 0x00000000d5580000)
  object space 70656K, 99% used [0x0000000080000000,0x00000000844cfa68,0x0000000084500000)
 Metaspace       used 67130K, committed 68608K, reserved 1114112K
  class space    used 8267K, committed 8896K, reserved 1048576K
GC Heap History (20 events):
Event: 79.513 GC heap before
{Heap before GC invocations=47 (full 3):
 PSYoungGen      total 9728K, used 9184K [0x00000000d5580000, 0x00000000d6600000, 0x0000000100000000)
  eden space 8704K, 100% used [0x00000000d5580000,0x00000000d5e00000,0x00000000d5e00000)
  from space 1024K, 46% used [0x00000000d6400000,0x00000000d6478000,0x00000000d6500000)
  to   space 1024K, 0% used [0x00000000d6500000,0x00000000d6500000,0x00000000d6600000)
 ParOldGen       total 68608K, used 64133K [0x0000000080000000, 0x0000000084300000, 0x00000000d5580000)
  object space 68608K, 93% used [0x0000000080000000,0x0000000083ea1500,0x0000000084300000)
 Metaspace       used 62742K, committed 64192K, reserved 1114112K
  class space    used 7509K, committed 8128K, reserved 1048576K
}
Event: 79.515 GC heap after
{Heap after GC invocations=47 (full 3):
 PSYoungGen      total 9216K, used 320K [0x00000000d5580000, 0x00000000d6580000, 0x0000000100000000)
  eden space 8704K, 0% used [0x00000000d5580000,0x00000000d5580000,0x00000000d5e00000)
  from space 512K, 62% used [0x00000000d6500000,0x00000000d6550000,0x00000000d6580000)
  to   space 512K, 0% used [0x00000000d6480000,0x00000000d6480000,0x00000000d6500000)
 ParOldGen       total 68608K, used 64374K [0x0000000080000000, 0x0000000084300000, 0x00000000d5580000)
  object space 68608K, 93% used [0x0000000080000000,0x0000000083edd8a0,0x0000000084300000)
 Metaspace       used 62742K, committed 64192K, reserved 1114112K
  class space    used 7509K, committed 8128K, reserved 1048576K
}
Event: 81.972 GC heap before
{Heap before GC invocations=48 (full 3):
 PSYoungGen      total 9216K, used 9024K [0x00000000d5580000, 0x00000000d6580000, 0x0000000100000000)
  eden space 8704K, 100% used [0x00000000d5580000,0x00000000d5e00000,0x00000000d5e00000)
  from space 512K, 62% used [0x00000000d6500000,0x00000000d6550000,0x00000000d6580000)
  to   space 512K, 0% used [0x00000000d6480000,0x00000000d6480000,0x00000000d6500000)
 ParOldGen       total 68608K, used 64374K [0x0000000080000000, 0x0000000084300000, 0x00000000d5580000)
  object space 68608K, 93% used [0x0000000080000000,0x0000000083edd8a0,0x0000000084300000)
 Metaspace       used 62744K, committed 64192K, reserved 1114112K
  class space    used 7509K, committed 8128K, reserved 1048576K
}
Event: 81.973 GC heap after
{Heap after GC invocations=48 (full 3):
 PSYoungGen      total 9216K, used 416K [0x00000000d5580000, 0x00000000d6580000, 0x0000000100000000)
  eden space 8704K, 0% used [0x00000000d5580000,0x00000000d5580000,0x00000000d5e00000)
  from space 512K, 81% used [0x00000000d6480000,0x00000000d64e8000,0x00000000d6500000)
  to   space 512K, 0% used [0x00000000d6500000,0x00000000d6500000,0x00000000d6580000)
 ParOldGen       total 68608K, used 64590K [0x0000000080000000, 0x0000000084300000, 0x00000000d5580000)
  object space 68608K, 94% used [0x0000000080000000,0x0000000083f138a0,0x0000000084300000)
 Metaspace       used 62744K, committed 64192K, reserved 1114112K
  class space    used 7509K, committed 8128K, reserved 1048576K
}
Event: 89.201 GC heap before
{Heap before GC invocations=49 (full 3):
 PSYoungGen      total 9216K, used 9120K [0x00000000d5580000, 0x00000000d6580000, 0x0000000100000000)
  eden space 8704K, 100% used [0x00000000d5580000,0x00000000d5e00000,0x00000000d5e00000)
  from space 512K, 81% used [0x00000000d6480000,0x00000000d64e8000,0x00000000d6500000)
  to   space 512K, 0% used [0x00000000d6500000,0x00000000d6500000,0x00000000d6580000)
 ParOldGen       total 68608K, used 64590K [0x0000000080000000, 0x0000000084300000, 0x00000000d5580000)
  object space 68608K, 94% used [0x0000000080000000,0x0000000083f138a0,0x0000000084300000)
 Metaspace       used 62751K, committed 64192K, reserved 1114112K
  class space    used 7509K, committed 8128K, reserved 1048576K
}
Event: 89.201 GC heap after
{Heap after GC invocations=49 (full 3):
 PSYoungGen      total 9216K, used 512K [0x00000000d5580000, 0x00000000d6580000, 0x0000000100000000)
  eden space 8704K, 0% used [0x00000000d5580000,0x00000000d5580000,0x00000000d5e00000)
  from space 512K, 100% used [0x00000000d6500000,0x00000000d6580000,0x00000000d6580000)
  to   space 1024K, 0% used [0x00000000d6380000,0x00000000d6380000,0x00000000d6480000)
 ParOldGen       total 68608K, used 64854K [0x0000000080000000, 0x0000000084300000, 0x00000000d5580000)
  object space 68608K, 94% used [0x0000000080000000,0x0000000083f558a0,0x0000000084300000)
 Metaspace       used 62751K, committed 64192K, reserved 1114112K
  class space    used 7509K, committed 8128K, reserved 1048576K
}
Event: 94.911 GC heap before
{Heap before GC invocations=50 (full 3):
 PSYoungGen      total 9216K, used 9216K [0x00000000d5580000, 0x00000000d6580000, 0x0000000100000000)
  eden space 8704K, 100% used [0x00000000d5580000,0x00000000d5e00000,0x00000000d5e00000)
  from space 512K, 100% used [0x00000000d6500000,0x00000000d6580000,0x00000000d6580000)
  to   space 1024K, 0% used [0x00000000d6380000,0x00000000d6380000,0x00000000d6480000)
 ParOldGen       total 68608K, used 64854K [0x0000000080000000, 0x0000000084300000, 0x00000000d5580000)
  object space 68608K, 94% used [0x0000000080000000,0x0000000083f558a0,0x0000000084300000)
 Metaspace       used 62752K, committed 64192K, reserved 1114112K
  class space    used 7509K, committed 8128K, reserved 1048576K
}
Event: 94.913 GC heap after
{Heap after GC invocations=50 (full 3):
 PSYoungGen      total 9728K, used 320K [0x00000000d5580000, 0x00000000d6580000, 0x0000000100000000)
  eden space 8704K, 0% used [0x00000000d5580000,0x00000000d5580000,0x00000000d5e00000)
  from space 1024K, 31% used [0x00000000d6380000,0x00000000d63d0000,0x00000000d6480000)
  to   space 512K, 0% used [0x00000000d6500000,0x00000000d6500000,0x00000000d6580000)
 ParOldGen       total 68608K, used 65142K [0x0000000080000000, 0x0000000084300000, 0x00000000d5580000)
  object space 68608K, 94% used [0x0000000080000000,0x0000000083f9d8a0,0x0000000084300000)
 Metaspace       used 62752K, committed 64192K, reserved 1114112K
  class space    used 7509K, committed 8128K, reserved 1048576K
}
Event: 101.941 GC heap before
{Heap before GC invocations=51 (full 3):
 PSYoungGen      total 9728K, used 9024K [0x00000000d5580000, 0x00000000d6580000, 0x0000000100000000)
  eden space 8704K, 100% used [0x00000000d5580000,0x00000000d5e00000,0x00000000d5e00000)
  from space 1024K, 31% used [0x00000000d6380000,0x00000000d63d0000,0x00000000d6480000)
  to   space 512K, 0% used [0x00000000d6500000,0x00000000d6500000,0x00000000d6580000)
 ParOldGen       total 68608K, used 65142K [0x0000000080000000, 0x0000000084300000, 0x00000000d5580000)
  object space 68608K, 94% used [0x0000000080000000,0x0000000083f9d8a0,0x0000000084300000)
 Metaspace       used 62756K, committed 64192K, reserved 1114112K
  class space    used 7509K, committed 8128K, reserved 1048576K
}
Event: 101.943 GC heap after
{Heap after GC invocations=51 (full 3):
 PSYoungGen      total 9216K, used 510K [0x00000000d5580000, 0x00000000d6800000, 0x0000000100000000)
  eden space 8704K, 0% used [0x00000000d5580000,0x00000000d5580000,0x00000000d5e00000)
  from space 512K, 99% used [0x00000000d6500000,0x00000000d657fad0,0x00000000d6580000)
  to   space 5120K, 0% used [0x00000000d5e00000,0x00000000d5e00000,0x00000000d6300000)
 ParOldGen       total 69120K, used 68681K [0x0000000080000000, 0x0000000084380000, 0x00000000d5580000)
  object space 69120K, 99% used [0x0000000080000000,0x0000000084312798,0x0000000084380000)
 Metaspace       used 62756K, committed 64192K, reserved 1114112K
  class space    used 7509K, committed 8128K, reserved 1048576K
}
Event: 102.010 GC heap before
{Heap before GC invocations=52 (full 3):
 PSYoungGen      total 9216K, used 9214K [0x00000000d5580000, 0x00000000d6800000, 0x0000000100000000)
  eden space 8704K, 100% used [0x00000000d5580000,0x00000000d5e00000,0x00000000d5e00000)
  from space 512K, 99% used [0x00000000d6500000,0x00000000d657fad0,0x00000000d6580000)
  to   space 5120K, 0% used [0x00000000d5e00000,0x00000000d5e00000,0x00000000d6300000)
 ParOldGen       total 69120K, used 68681K [0x0000000080000000, 0x0000000084380000, 0x00000000d5580000)
  object space 69120K, 99% used [0x0000000080000000,0x0000000084312798,0x0000000084380000)
 Metaspace       used 62927K, committed 64320K, reserved 1114112K
  class space    used 7549K, committed 8128K, reserved 1048576K
}
Event: 102.011 GC heap after
{Heap after GC invocations=52 (full 3):
 PSYoungGen      total 13824K, used 384K [0x00000000d5580000, 0x00000000d6580000, 0x0000000100000000)
  eden space 8704K, 0% used [0x00000000d5580000,0x00000000d5580000,0x00000000d5e00000)
  from space 5120K, 7% used [0x00000000d5e00000,0x00000000d5e60000,0x00000000d6300000)
  to   space 2048K, 0% used [0x00000000d6380000,0x00000000d6380000,0x00000000d6580000)
 ParOldGen       total 69632K, used 69225K [0x0000000080000000, 0x0000000084400000, 0x00000000d5580000)
  object space 69632K, 99% used [0x0000000080000000,0x000000008439a6c0,0x0000000084400000)
 Metaspace       used 62927K, committed 64320K, reserved 1114112K
  class space    used 7549K, committed 8128K, reserved 1048576K
}
Event: 102.169 GC heap before
{Heap before GC invocations=53 (full 3):
 PSYoungGen      total 13824K, used 9088K [0x00000000d5580000, 0x00000000d6580000, 0x0000000100000000)
  eden space 8704K, 100% used [0x00000000d5580000,0x00000000d5e00000,0x00000000d5e00000)
  from space 5120K, 7% used [0x00000000d5e00000,0x00000000d5e60000,0x00000000d6300000)
  to   space 2048K, 0% used [0x00000000d6380000,0x00000000d6380000,0x00000000d6580000)
 ParOldGen       total 69632K, used 69225K [0x0000000080000000, 0x0000000084400000, 0x00000000d5580000)
  object space 69632K, 99% used [0x0000000080000000,0x000000008439a6c0,0x0000000084400000)
 Metaspace       used 63534K, committed 64960K, reserved 1114112K
  class space    used 7671K, committed 8256K, reserved 1048576K
}
Event: 102.170 GC heap after
{Heap after GC invocations=53 (full 3):
 PSYoungGen      total 9728K, used 624K [0x00000000d5580000, 0x00000000d6480000, 0x0000000100000000)
  eden space 8704K, 0% used [0x00000000d5580000,0x00000000d5580000,0x00000000d5e00000)
  from space 1024K, 60% used [0x00000000d6380000,0x00000000d641c010,0x00000000d6480000)
  to   space 1024K, 0% used [0x00000000d6280000,0x00000000d6280000,0x00000000d6380000)
 ParOldGen       total 69632K, used 69433K [0x0000000080000000, 0x0000000084400000, 0x00000000d5580000)
  object space 69632K, 99% used [0x0000000080000000,0x00000000843ce6c0,0x0000000084400000)
 Metaspace       used 63534K, committed 64960K, reserved 1114112K
  class space    used 7671K, committed 8256K, reserved 1048576K
}
Event: 102.311 GC heap before
{Heap before GC invocations=54 (full 3):
 PSYoungGen      total 9728K, used 9328K [0x00000000d5580000, 0x00000000d6480000, 0x0000000100000000)
  eden space 8704K, 100% used [0x00000000d5580000,0x00000000d5e00000,0x00000000d5e00000)
  from space 1024K, 60% used [0x00000000d6380000,0x00000000d641c010,0x00000000d6480000)
  to   space 1024K, 0% used [0x00000000d6280000,0x00000000d6280000,0x00000000d6380000)
 ParOldGen       total 69632K, used 69433K [0x0000000080000000, 0x0000000084400000, 0x00000000d5580000)
  object space 69632K, 99% used [0x0000000080000000,0x00000000843ce6c0,0x0000000084400000)
 Metaspace       used 64555K, committed 65984K, reserved 1114112K
  class space    used 7839K, committed 8448K, reserved 1048576K
}
Event: 102.312 GC heap after
{Heap after GC invocations=54 (full 3):
 PSYoungGen      total 9216K, used 448K [0x00000000d5580000, 0x00000000d6400000, 0x0000000100000000)
  eden space 8704K, 0% used [0x00000000d5580000,0x00000000d5580000,0x00000000d5e00000)
  from space 512K, 87% used [0x00000000d6280000,0x00000000d62f0010,0x00000000d6300000)
  to   space 1024K, 0% used [0x00000000d6300000,0x00000000d6300000,0x00000000d6400000)
 ParOldGen       total 70144K, used 69913K [0x0000000080000000, 0x0000000084480000, 0x00000000d5580000)
  object space 70144K, 99% used [0x0000000080000000,0x00000000844466f0,0x0000000084480000)
 Metaspace       used 64555K, committed 65984K, reserved 1114112K
  class space    used 7839K, committed 8448K, reserved 1048576K
}
Event: 102.441 GC heap before
{Heap before GC invocations=55 (full 3):
 PSYoungGen      total 9216K, used 9152K [0x00000000d5580000, 0x00000000d6400000, 0x0000000100000000)
  eden space 8704K, 100% used [0x00000000d5580000,0x00000000d5e00000,0x00000000d5e00000)
  from space 512K, 87% used [0x00000000d6280000,0x00000000d62f0010,0x00000000d6300000)
  to   space 1024K, 0% used [0x00000000d6300000,0x00000000d6300000,0x00000000d6400000)
 ParOldGen       total 70144K, used 69913K [0x0000000080000000, 0x0000000084480000, 0x00000000d5580000)
  object space 70144K, 99% used [0x0000000080000000,0x00000000844466f0,0x0000000084480000)
 Metaspace       used 65476K, committed 66944K, reserved 1114112K
  class space    used 7989K, committed 8640K, reserved 1048576K
}
Event: 102.442 GC heap after
{Heap after GC invocations=55 (full 3):
 PSYoungGen      total 9216K, used 352K [0x00000000d5580000, 0x00000000d6380000, 0x0000000100000000)
  eden space 8704K, 0% used [0x00000000d5580000,0x00000000d5580000,0x00000000d5e00000)
  from space 512K, 68% used [0x00000000d6300000,0x00000000d6358000,0x00000000d6380000)
  to   space 512K, 0% used [0x00000000d6280000,0x00000000d6280000,0x00000000d6300000)
 ParOldGen       total 70656K, used 70238K [0x0000000080000000, 0x0000000084500000, 0x00000000d5580000)
  object space 70656K, 99% used [0x0000000080000000,0x0000000084497a68,0x0000000084500000)
 Metaspace       used 65476K, committed 66944K, reserved 1114112K
  class space    used 7989K, committed 8640K, reserved 1048576K
}
Event: 102.559 GC heap before
{Heap before GC invocations=56 (full 3):
 PSYoungGen      total 9216K, used 9056K [0x00000000d5580000, 0x00000000d6380000, 0x0000000100000000)
  eden space 8704K, 100% used [0x00000000d5580000,0x00000000d5e00000,0x00000000d5e00000)
  from space 512K, 68% used [0x00000000d6300000,0x00000000d6358000,0x00000000d6380000)
  to   space 512K, 0% used [0x00000000d6280000,0x00000000d6280000,0x00000000d6300000)
 ParOldGen       total 70656K, used 70238K [0x0000000080000000, 0x0000000084500000, 0x00000000d5580000)
  object space 70656K, 99% used [0x0000000080000000,0x0000000084497a68,0x0000000084500000)
 Metaspace       used 66397K, committed 67840K, reserved 1114112K
  class space    used 8155K, committed 8768K, reserved 1048576K
}
Event: 102.561 GC heap after
{Heap after GC invocations=56 (full 3):
 PSYoungGen      total 9216K, used 320K [0x00000000d5580000, 0x00000000d6380000, 0x0000000100000000)
  eden space 8704K, 0% used [0x00000000d5580000,0x00000000d5580000,0x00000000d5e00000)
  from space 512K, 62% used [0x00000000d6280000,0x00000000d62d0000,0x00000000d6300000)
  to   space 512K, 0% used [0x00000000d6300000,0x00000000d6300000,0x00000000d6380000)
 ParOldGen       total 70656K, used 70462K [0x0000000080000000, 0x0000000084500000, 0x00000000d5580000)
  object space 70656K, 99% used [0x0000000080000000,0x00000000844cfa68,0x0000000084500000)
 Metaspace       used 66397K, committed 67840K, reserved 1114112K
  class space    used 8155K, committed 8768K, reserved 1048576K
}

