# JRE version: OpenJDK Runtime Environment Temurin-21.0.11+10 (21.0.11+10) (build 21.0.11+10-LTS)
# Java VM: OpenJDK 64-Bit Server VM Temurin-21.0.11+10 (21.0.11+10-LTS, mixed mode, sharing, tiered, compressed oops, compressed class ptrs, parallel gc, windows-amd64)
GC Precious Log:
 CardTable entry size: 512
 CPUs: 12 total, 12 available
 Memory: 16087M
 Large Page Support: Disabled
 NUMA Support: Disabled
 Compressed Oops: Enabled (32-bit)
 Alignments: Space 512K, Generation 512K, Heap 2M
 Heap Min Capacity: 100M
 Heap Initial Capacity: 100M
 Heap Max Capacity: 2G
 Pre-touch: Disabled
 Parallel Workers: 10
Heap:
 PSYoungGen      total 15872K, used 7841K [0x00000000d5580000, 0x00000000d6600000, 0x0000000100000000)
  eden space 14848K, 47% used [0x00000000d5580000,0x00000000d5c70790,0x00000000d6400000)
  from space 1024K, 71% used [0x00000000d6480000,0x00000000d6537e90,0x00000000d6580000)
  to   space 512K, 0% used [0x00000000d6580000,0x00000000d6580000,0x00000000d6600000)
 ParOldGen       total 68608K, used 57548K [0x0000000080000000, 0x0000000084300000, 0x00000000d5580000)
  object space 68608K, 83% used [0x0000000080000000,0x00000000838332a0,0x0000000084300000)
 Metaspace       used 65655K, committed 67072K, reserved 1114112K
  class space    used 7653K, committed 8256K, reserved 1048576K
GC Heap History (20 events):
Event: 33.688 GC heap before
{Heap before GC invocations=41 (full 2):
 PSYoungGen      total 17408K, used 17092K [0x00000000d5580000, 0x00000000d6900000, 0x0000000100000000)
  eden space 15360K, 100% used [0x00000000d5580000,0x00000000d6480000,0x00000000d6480000)
  from space 2048K, 84% used [0x00000000d6700000,0x00000000d68b1000,0x00000000d6900000)
  to   space 2048K, 0% used [0x00000000d6500000,0x00000000d6500000,0x00000000d6700000)
 ParOldGen       total 68608K, used 55436K [0x0000000080000000, 0x0000000084300000, 0x00000000d5580000)
  object space 68608K, 80% used [0x0000000080000000,0x00000000836230d8,0x0000000084300000)
 Metaspace       used 58251K, committed 59648K, reserved 1114112K
  class space    used 6856K, committed 7552K, reserved 1048576K
}
Event: 33.695 GC heap after
{Heap after GC invocations=41 (full 2):
 PSYoungGen      total 17408K, used 1728K [0x00000000d5580000, 0x00000000d6880000, 0x0000000100000000)
  eden space 15360K, 0% used [0x00000000d5580000,0x00000000d5580000,0x00000000d6480000)
  from space 2048K, 84% used [0x00000000d6500000,0x00000000d66b0010,0x00000000d6700000)
  to   space 1536K, 0% used [0x00000000d6700000,0x00000000d6700000,0x00000000d6880000)
 ParOldGen       total 68608K, used 57073K [0x0000000080000000, 0x0000000084300000, 0x00000000d5580000)
  object space 68608K, 83% used [0x0000000080000000,0x00000000837bc700,0x0000000084300000)
 Metaspace       used 58251K, committed 59648K, reserved 1114112K
  class space    used 6856K, committed 7552K, reserved 1048576K
}
Event: 34.011 GC heap before
{Heap before GC invocations=42 (full 2):
 PSYoungGen      total 17408K, used 17088K [0x00000000d5580000, 0x00000000d6880000, 0x0000000100000000)
  eden space 15360K, 100% used [0x00000000d5580000,0x00000000d6480000,0x00000000d6480000)
  from space 2048K, 84% used [0x00000000d6500000,0x00000000d66b0010,0x00000000d6700000)
  to   space 1536K, 0% used [0x00000000d6700000,0x00000000d6700000,0x00000000d6880000)
 ParOldGen       total 68608K, used 57073K [0x0000000080000000, 0x0000000084300000, 0x00000000d5580000)
  object space 68608K, 83% used [0x0000000080000000,0x00000000837bc700,0x0000000084300000)
 Metaspace       used 58351K, committed 59776K, reserved 1114112K
  class space    used 6858K, committed 7552K, reserved 1048576K
}
Event: 34.017 GC heap after
{Heap after GC invocations=42 (full 2):
 PSYoungGen      total 16896K, used 1504K [0x00000000d5580000, 0x00000000d6880000, 0x0000000100000000)
  eden space 15360K, 0% used [0x00000000d5580000,0x00000000d5580000,0x00000000d6480000)
  from space 1536K, 97% used [0x00000000d6700000,0x00000000d6878000,0x00000000d6880000)
  to   space 2048K, 0% used [0x00000000d6480000,0x00000000d6480000,0x00000000d6680000)
 ParOldGen       total 68608K, used 58665K [0x0000000080000000, 0x0000000084300000, 0x00000000d5580000)
  object space 68608K, 85% used [0x0000000080000000,0x000000008394a710,0x0000000084300000)
 Metaspace       used 58351K, committed 59776K, reserved 1114112K
  class space    used 6858K, committed 7552K, reserved 1048576K
}
Event: 34.156 GC heap before
{Heap before GC invocations=43 (full 2):
 PSYoungGen      total 16896K, used 9754K [0x00000000d5580000, 0x00000000d6880000, 0x0000000100000000)
  eden space 15360K, 53% used [0x00000000d5580000,0x00000000d5d8e8d0,0x00000000d6480000)
  from space 1536K, 97% used [0x00000000d6700000,0x00000000d6878000,0x00000000d6880000)
  to   space 2048K, 0% used [0x00000000d6480000,0x00000000d6480000,0x00000000d6680000)
 ParOldGen       total 68608K, used 58665K [0x0000000080000000, 0x0000000084300000, 0x00000000d5580000)
  object space 68608K, 85% used [0x0000000080000000,0x000000008394a710,0x0000000084300000)
 Metaspace       used 58380K, committed 59776K, reserved 1114112K
  class space    used 6858K, committed 7552K, reserved 1048576K
}
Event: 34.161 GC heap after
{Heap after GC invocations=43 (full 2):
 PSYoungGen      total 16384K, used 952K [0x00000000d5580000, 0x00000000d6780000, 0x0000000100000000)
  eden space 15360K, 0% used [0x00000000d5580000,0x00000000d5580000,0x00000000d6480000)
  from space 1024K, 93% used [0x00000000d6480000,0x00000000d656e200,0x00000000d6580000)
  to   space 1536K, 0% used [0x00000000d6600000,0x00000000d6600000,0x00000000d6780000)
 ParOldGen       total 68608K, used 60009K [0x0000000080000000, 0x0000000084300000, 0x00000000d5580000)
  object space 68608K, 87% used [0x0000000080000000,0x0000000083a9a710,0x0000000084300000)
 Metaspace       used 58380K, committed 59776K, reserved 1114112K
  class space    used 6858K, committed 7552K, reserved 1048576K
}
Event: 34.161 GC heap before
{Heap before GC invocations=44 (full 3):
 PSYoungGen      total 16384K, used 952K [0x00000000d5580000, 0x00000000d6780000, 0x0000000100000000)
  eden space 15360K, 0% used [0x00000000d5580000,0x00000000d5580000,0x00000000d6480000)
  from space 1024K, 93% used [0x00000000d6480000,0x00000000d656e200,0x00000000d6580000)
  to   space 1536K, 0% used [0x00000000d6600000,0x00000000d6600000,0x00000000d6780000)
 ParOldGen       total 68608K, used 60009K [0x0000000080000000, 0x0000000084300000, 0x00000000d5580000)
  object space 68608K, 87% used [0x0000000080000000,0x0000000083a9a710,0x0000000084300000)
 Metaspace       used 58380K, committed 59776K, reserved 1114112K
  class space    used 6858K, committed 7552K, reserved 1048576K
}
Event: 34.348 GC heap after
{Heap after GC invocations=44 (full 3):
 PSYoungGen      total 16384K, used 0K [0x00000000d5580000, 0x00000000d6780000, 0x0000000100000000)
  eden space 15360K, 0% used [0x00000000d5580000,0x00000000d5580000,0x00000000d6480000)
  from space 1024K, 0% used [0x00000000d6480000,0x00000000d6480000,0x00000000d6580000)
  to   space 1536K, 0% used [0x00000000d6600000,0x00000000d6600000,0x00000000d6780000)
 ParOldGen       total 68608K, used 54060K [0x0000000080000000, 0x0000000084300000, 0x00000000d5580000)
  object space 68608K, 78% used [0x0000000080000000,0x00000000834cb138,0x0000000084300000)
 Metaspace       used 58339K, committed 59776K, reserved 1114112K
  class space    used 6847K, committed 7552K, reserved 1048576K
}
Event: 34.490 GC heap before
{Heap before GC invocations=45 (full 3):
 PSYoungGen      total 16384K, used 15360K [0x00000000d5580000, 0x00000000d6780000, 0x0000000100000000)
  eden space 15360K, 100% used [0x00000000d5580000,0x00000000d6480000,0x00000000d6480000)
  from space 1024K, 0% used [0x00000000d6480000,0x00000000d6480000,0x00000000d6580000)
  to   space 1536K, 0% used [0x00000000d6600000,0x00000000d6600000,0x00000000d6780000)
 ParOldGen       total 68608K, used 54060K [0x0000000080000000, 0x0000000084300000, 0x00000000d5580000)
  object space 68608K, 78% used [0x0000000080000000,0x00000000834cb138,0x0000000084300000)
 Metaspace       used 58353K, committed 59776K, reserved 1114112K
  class space    used 6848K, committed 7552K, reserved 1048576K
}
Event: 34.493 GC heap after
{Heap after GC invocations=45 (full 3):
 PSYoungGen      total 16384K, used 1536K [0x00000000d5580000, 0x00000000d6880000, 0x0000000100000000)
  eden space 14848K, 0% used [0x00000000d5580000,0x00000000d5580000,0x00000000d6400000)
  from space 1536K, 100% used [0x00000000d6600000,0x00000000d6780000,0x00000000d6780000)
  to   space 2048K, 0% used [0x00000000d6400000,0x00000000d6400000,0x00000000d6600000)
 ParOldGen       total 68608K, used 54108K [0x0000000080000000, 0x0000000084300000, 0x00000000d5580000)
  object space 68608K, 78% used [0x0000000080000000,0x00000000834d7138,0x0000000084300000)
 Metaspace       used 58353K, committed 59776K, reserved 1114112K
  class space    used 6848K, committed 7552K, reserved 1048576K
}
Event: 35.776 GC heap before
{Heap before GC invocations=46 (full 3):
 PSYoungGen      total 16384K, used 16381K [0x00000000d5580000, 0x00000000d6880000, 0x0000000100000000)
  eden space 14848K, 99% used [0x00000000d5580000,0x00000000d63ff7f0,0x00000000d6400000)
  from space 1536K, 100% used [0x00000000d6600000,0x00000000d6780000,0x00000000d6780000)
  to   space 2048K, 0% used [0x00000000d6400000,0x00000000d6400000,0x00000000d6600000)
 ParOldGen       total 68608K, used 54108K [0x0000000080000000, 0x0000000084300000, 0x00000000d5580000)
  object space 68608K, 78% used [0x0000000080000000,0x00000000834d7138,0x0000000084300000)
 Metaspace       used 59357K, committed 60800K, reserved 1114112K
  class space    used 6981K, committed 7616K, reserved 1048576K
}
Event: 35.781 GC heap after
{Heap after GC invocations=46 (full 3):
 PSYoungGen      total 15872K, used 713K [0x00000000d5580000, 0x00000000d6700000, 0x0000000100000000)
  eden space 14848K, 0% used [0x00000000d5580000,0x00000000d5580000,0x00000000d6400000)
  from space 1024K, 69% used [0x00000000d6400000,0x00000000d64b24a0,0x00000000d6500000)
  to   space 1536K, 0% used [0x00000000d6580000,0x00000000d6580000,0x00000000d6700000)
 ParOldGen       total 68608K, used 55297K [0x0000000080000000, 0x0000000084300000, 0x00000000d5580000)
  object space 68608K, 80% used [0x0000000080000000,0x0000000083600490,0x0000000084300000)
 Metaspace       used 59357K, committed 60800K, reserved 1114112K
  class space    used 6981K, committed 7616K, reserved 1048576K
}
Event: 36.471 GC heap before
{Heap before GC invocations=47 (full 3):
 PSYoungGen      total 15872K, used 15535K [0x00000000d5580000, 0x00000000d6700000, 0x0000000100000000)
  eden space 14848K, 99% used [0x00000000d5580000,0x00000000d63f97c0,0x00000000d6400000)
  from space 1024K, 69% used [0x00000000d6400000,0x00000000d64b24a0,0x00000000d6500000)
  to   space 1536K, 0% used [0x00000000d6580000,0x00000000d6580000,0x00000000d6700000)
 ParOldGen       total 68608K, used 55297K [0x0000000080000000, 0x0000000084300000, 0x00000000d5580000)
  object space 68608K, 80% used [0x0000000080000000,0x0000000083600490,0x0000000084300000)
 Metaspace       used 61290K, committed 62720K, reserved 1114112K
  class space    used 7175K, committed 7808K, reserved 1048576K
}
Event: 36.474 GC heap after
{Heap after GC invocations=47 (full 3):
 PSYoungGen      total 16384K, used 976K [0x00000000d5580000, 0x00000000d6700000, 0x0000000100000000)
  eden space 14848K, 0% used [0x00000000d5580000,0x00000000d5580000,0x00000000d6400000)
  from space 1536K, 63% used [0x00000000d6580000,0x00000000d6674040,0x00000000d6700000)
  to   space 1536K, 0% used [0x00000000d6400000,0x00000000d6400000,0x00000000d6580000)
 ParOldGen       total 68608K, used 55868K [0x0000000080000000, 0x0000000084300000, 0x00000000d5580000)
  object space 68608K, 81% used [0x0000000080000000,0x000000008368f250,0x0000000084300000)
 Metaspace       used 61290K, committed 62720K, reserved 1114112K
  class space    used 7175K, committed 7808K, reserved 1048576K
}
Event: 37.683 GC heap before
{Heap before GC invocations=48 (full 3):
 PSYoungGen      total 16384K, used 15783K [0x00000000d5580000, 0x00000000d6700000, 0x0000000100000000)
  eden space 14848K, 99% used [0x00000000d5580000,0x00000000d63f5e50,0x00000000d6400000)
  from space 1536K, 63% used [0x00000000d6580000,0x00000000d6674040,0x00000000d6700000)
  to   space 1536K, 0% used [0x00000000d6400000,0x00000000d6400000,0x00000000d6580000)
 ParOldGen       total 68608K, used 55868K [0x0000000080000000, 0x0000000084300000, 0x00000000d5580000)
  object space 68608K, 81% used [0x0000000080000000,0x000000008368f250,0x0000000084300000)
 Metaspace       used 62812K, committed 64128K, reserved 1114112K
  class space    used 7363K, committed 7936K, reserved 1048576K
}
Event: 37.686 GC heap after
{Heap after GC invocations=48 (full 3):
 PSYoungGen      total 16384K, used 1035K [0x00000000d5580000, 0x00000000d6700000, 0x0000000100000000)
  eden space 14848K, 0% used [0x00000000d5580000,0x00000000d5580000,0x00000000d6400000)
  from space 1536K, 67% used [0x00000000d6400000,0x00000000d6502e88,0x00000000d6580000)
  to   space 1536K, 0% used [0x00000000d6580000,0x00000000d6580000,0x00000000d6700000)
 ParOldGen       total 68608K, used 56431K [0x0000000080000000, 0x0000000084300000, 0x00000000d5580000)
  object space 68608K, 82% used [0x0000000080000000,0x000000008371bf50,0x0000000084300000)
 Metaspace       used 62812K, committed 64128K, reserved 1114112K
  class space    used 7363K, committed 7936K, reserved 1048576K
}
Event: 38.528 GC heap before
{Heap before GC invocations=49 (full 3):
 PSYoungGen      total 16384K, used 15883K [0x00000000d5580000, 0x00000000d6700000, 0x0000000100000000)
  eden space 14848K, 100% used [0x00000000d5580000,0x00000000d6400000,0x00000000d6400000)
  from space 1536K, 67% used [0x00000000d6400000,0x00000000d6502e88,0x00000000d6580000)
  to   space 1536K, 0% used [0x00000000d6580000,0x00000000d6580000,0x00000000d6700000)
 ParOldGen       total 68608K, used 56431K [0x0000000080000000, 0x0000000084300000, 0x00000000d5580000)
  object space 68608K, 82% used [0x0000000080000000,0x000000008371bf50,0x0000000084300000)
 Metaspace       used 63705K, committed 65152K, reserved 1114112K
  class space    used 7460K, committed 8064K, reserved 1048576K
}
Event: 38.531 GC heap after
{Heap after GC invocations=49 (full 3):
 PSYoungGen      total 15872K, used 552K [0x00000000d5580000, 0x00000000d6680000, 0x0000000100000000)
  eden space 14848K, 0% used [0x00000000d5580000,0x00000000d5580000,0x00000000d6400000)
  from space 1024K, 53% used [0x00000000d6580000,0x00000000d660a2b0,0x00000000d6680000)
  to   space 1024K, 0% used [0x00000000d6480000,0x00000000d6480000,0x00000000d6580000)
 ParOldGen       total 68608K, used 57316K [0x0000000080000000, 0x0000000084300000, 0x00000000d5580000)
  object space 68608K, 83% used [0x0000000080000000,0x00000000837f91c0,0x0000000084300000)
 Metaspace       used 63705K, committed 65152K, reserved 1114112K
  class space    used 7460K, committed 8064K, reserved 1048576K
}
Event: 40.094 GC heap before
{Heap before GC invocations=50 (full 3):
 PSYoungGen      total 15872K, used 15400K [0x00000000d5580000, 0x00000000d6680000, 0x0000000100000000)
  eden space 14848K, 100% used [0x00000000d5580000,0x00000000d6400000,0x00000000d6400000)
  from space 1024K, 53% used [0x00000000d6580000,0x00000000d660a2b0,0x00000000d6680000)
  to   space 1024K, 0% used [0x00000000d6480000,0x00000000d6480000,0x00000000d6580000)
 ParOldGen       total 68608K, used 57316K [0x0000000080000000, 0x0000000084300000, 0x00000000d5580000)
  object space 68608K, 83% used [0x0000000080000000,0x00000000837f92a0,0x0000000084300000)
 Metaspace       used 64788K, committed 66240K, reserved 1114112K
  class space    used 7565K, committed 8192K, reserved 1048576K
}
Event: 40.096 GC heap after
{Heap after GC invocations=50 (full 3):
 PSYoungGen      total 15872K, used 735K [0x00000000d5580000, 0x00000000d6600000, 0x0000000100000000)
  eden space 14848K, 0% used [0x00000000d5580000,0x00000000d5580000,0x00000000d6400000)
  from space 1024K, 71% used [0x00000000d6480000,0x00000000d6537e90,0x00000000d6580000)
  to   space 512K, 0% used [0x00000000d6580000,0x00000000d6580000,0x00000000d6600000)
 ParOldGen       total 68608K, used 57548K [0x0000000080000000, 0x0000000084300000, 0x00000000d5580000)
  object space 68608K, 83% used [0x0000000080000000,0x00000000838332a0,0x0000000084300000)
 Metaspace       used 64788K, committed 66240K, reserved 1114112K
  class space    used 7565K, committed 8192K, reserved 1048576K
}

