# JRE version: OpenJDK Runtime Environment Temurin-21.0.11+10 (21.0.11+10) (build 21.0.11+10-LTS)
# Java VM: OpenJDK 64-Bit Server VM Temurin-21.0.11+10 (21.0.11+10-LTS, mixed mode, sharing, tiered, compressed oops, compressed class ptrs, g1 gc, windows-amd64)
GC Precious Log:
 CardTable entry size: 512
 Card Set container configuration: InlinePtr #cards 5 size 8 Array Of Cards #cards 12 size 40 Howl #buckets 4 coarsen threshold 1843 Howl Bitmap #cards 512 size 80 coarsen threshold 460 Card regions per heap region 1 cards per card region 2048
 CPUs: 12 total, 12 available
 Memory: 16087M
 Large Page Support: Disabled
 NUMA Support: Disabled
 Compressed Oops: Enabled (32-bit)
 Heap Region Size: 1M
 Heap Min Capacity: 256M
 Heap Initial Capacity: 256M
 Heap Max Capacity: 512M
 Pre-touch: Disabled
 Parallel Workers: 10
 Concurrent Workers: 3
 Concurrent Refinement Workers: 10
 Periodic GC: Disabled
Heap:
 garbage-first heap   total 262144K, used 109454K [0x00000000e0000000, 0x0000000100000000)
  region size 1024K, 62 young (63488K), 13 survivors (13312K)
 Metaspace       used 55496K, committed 57152K, reserved 393216K
  class space    used 7839K, committed 8640K, reserved 327680K
GC Heap History (14 events):
Event: 0.503 GC heap before
{Heap before GC invocations=0 (full 0):
 garbage-first heap   total 262144K, used 26624K [0x00000000e0000000, 0x0000000100000000)
  region size 1024K, 23 young (23552K), 0 survivors (0K)
 Metaspace       used 1113K, committed 1216K, reserved 393216K
  class space    used 81K, committed 128K, reserved 327680K
}
Event: 0.506 GC heap after
{Heap after GC invocations=1 (full 0):
 garbage-first heap   total 262144K, used 9216K [0x00000000e0000000, 0x0000000100000000)
  region size 1024K, 3 young (3072K), 3 survivors (3072K)
 Metaspace       used 1113K, committed 1216K, reserved 393216K
  class space    used 81K, committed 128K, reserved 327680K
}
Event: 1.010 GC heap before
{Heap before GC invocations=1 (full 0):
 garbage-first heap   total 262144K, used 40960K [0x00000000e0000000, 0x0000000100000000)
  region size 1024K, 34 young (34816K), 3 survivors (3072K)
 Metaspace       used 4272K, committed 4480K, reserved 393216K
  class space    used 542K, committed 640K, reserved 327680K
}
Event: 1.013 GC heap after
{Heap after GC invocations=2 (full 0):
 garbage-first heap   total 262144K, used 11709K [0x00000000e0000000, 0x0000000100000000)
  region size 1024K, 3 young (3072K), 3 survivors (3072K)
 Metaspace       used 4272K, committed 4480K, reserved 393216K
  class space    used 542K, committed 640K, reserved 327680K
}
Event: 1.608 GC heap before
{Heap before GC invocations=2 (full 0):
 garbage-first heap   total 262144K, used 59837K [0x00000000e0000000, 0x0000000100000000)
  region size 1024K, 48 young (49152K), 3 survivors (3072K)
 Metaspace       used 5932K, committed 6144K, reserved 393216K
  class space    used 785K, committed 896K, reserved 327680K
}
Event: 1.612 GC heap after
{Heap after GC invocations=3 (full 0):
 garbage-first heap   total 262144K, used 18925K [0x00000000e0000000, 0x0000000100000000)
  region size 1024K, 6 young (6144K), 6 survivors (6144K)
 Metaspace       used 5932K, committed 6144K, reserved 393216K
  class space    used 785K, committed 896K, reserved 327680K
}
Event: 8.086 GC heap before
{Heap before GC invocations=3 (full 0):
 garbage-first heap   total 262144K, used 105965K [0x00000000e0000000, 0x0000000100000000)
  region size 1024K, 92 young (94208K), 6 survivors (6144K)
 Metaspace       used 20789K, committed 21504K, reserved 393216K
  class space    used 3064K, committed 3392K, reserved 327680K
}
Event: 8.096 GC heap after
{Heap after GC invocations=4 (full 0):
 garbage-first heap   total 262144K, used 25069K [0x00000000e0000000, 0x0000000100000000)
  region size 1024K, 12 young (12288K), 12 survivors (12288K)
 Metaspace       used 20789K, committed 21504K, reserved 393216K
  class space    used 3064K, committed 3392K, reserved 327680K
}
Event: 9.706 GC heap before
{Heap before GC invocations=5 (full 0):
 garbage-first heap   total 262144K, used 117229K [0x00000000e0000000, 0x0000000100000000)
  region size 1024K, 104 young (106496K), 12 survivors (12288K)
 Metaspace       used 34743K, committed 35968K, reserved 393216K
  class space    used 5157K, committed 5760K, reserved 327680K
}
Event: 9.719 GC heap after
{Heap after GC invocations=6 (full 0):
 garbage-first heap   total 262144K, used 33319K [0x00000000e0000000, 0x0000000100000000)
  region size 1024K, 19 young (19456K), 19 survivors (19456K)
 Metaspace       used 34743K, committed 35968K, reserved 393216K
  class space    used 5157K, committed 5760K, reserved 327680K
}
Event: 13.836 GC heap before
{Heap before GC invocations=7 (full 0):
 garbage-first heap   total 262144K, used 176679K [0x00000000e0000000, 0x0000000100000000)
  region size 1024K, 153 young (156672K), 19 survivors (19456K)
 Metaspace       used 47588K, committed 49280K, reserved 393216K
  class space    used 6916K, committed 7744K, reserved 327680K
}
Event: 13.851 GC heap after
{Heap after GC invocations=8 (full 0):
 garbage-first heap   total 262144K, used 42832K [0x00000000e0000000, 0x0000000100000000)
  region size 1024K, 18 young (18432K), 18 survivors (18432K)
 Metaspace       used 47588K, committed 49280K, reserved 393216K
  class space    used 6916K, committed 7744K, reserved 327680K
}
Event: 16.972 GC heap before
{Heap before GC invocations=8 (full 0):
 garbage-first heap   total 262144K, used 186192K [0x00000000e0000000, 0x0000000100000000)
  region size 1024K, 153 young (156672K), 18 survivors (18432K)
 Metaspace       used 50463K, committed 52160K, reserved 393216K
  class space    used 7263K, committed 8064K, reserved 327680K
}
Event: 16.991 GC heap after
{Heap after GC invocations=9 (full 0):
 garbage-first heap   total 262144K, used 59278K [0x00000000e0000000, 0x0000000100000000)
  region size 1024K, 13 young (13312K), 13 survivors (13312K)
 Metaspace       used 50463K, committed 52160K, reserved 393216K
  class space    used 7263K, committed 8064K, reserved 327680K
}

