# JRE version: OpenJDK Runtime Environment Temurin-21.0.11+10 (21.0.11+10) (build 21.0.11+10-LTS)
# Java VM: OpenJDK 64-Bit Server VM Temurin-21.0.11+10 (21.0.11+10-LTS, mixed mode, sharing, tiered, compressed oops, compressed class ptrs, parallel gc, windows-amd64)
GC Precious Log:
 CardTable entry size: 512
 CPUs: 12 total, 12 available
 Memory: 16087M
 Large Page Support: Disabled
 NUMA Support: Disabled
 Compressed Oops: Enabled (32-bit)
 Alignments: Space 512K, Generation 512K, Heap 2M
 Heap Min Capacity: 100M
 Heap Initial Capacity: 100M
 Heap Max Capacity: 2G
 Pre-touch: Disabled
 Parallel Workers: 10
Heap:
 PSYoungGen      total 16384K, used 5967K [0x00000000d5580000, 0x00000000d6a00000, 0x0000000100000000)
  eden space 15872K, 36% used [0x00000000d5580000,0x00000000d5b23e88,0x00000000d6500000)
  from space 512K, 37% used [0x00000000d6980000,0x00000000d69b0000,0x00000000d6a00000)
  to   space 512K, 0% used [0x00000000d6900000,0x00000000d6900000,0x00000000d6980000)
 ParOldGen       total 68608K, used 42168K [0x0000000080000000, 0x0000000084300000, 0x00000000d5580000)
  object space 68608K, 61% used [0x0000000080000000,0x000000008292e190,0x0000000084300000)
 Metaspace       used 55649K, committed 57024K, reserved 1114112K
  class space    used 6594K, committed 7232K, reserved 1048576K
GC Heap History (20 events):
Event: 23.164 GC heap before
{Heap before GC invocations=23 (full 2):
 PSYoungGen      total 16896K, used 16884K [0x00000000d5580000, 0x00000000d7e00000, 0x0000000100000000)
  eden space 15872K, 100% used [0x00000000d5580000,0x00000000d6500000,0x00000000d6500000)
  from space 1024K, 98% used [0x00000000d6e80000,0x00000000d6f7d150,0x00000000d6f80000)
  to   space 9728K, 0% used [0x00000000d6500000,0x00000000d6500000,0x00000000d6e80000)
 ParOldGen       total 68608K, used 33082K [0x0000000080000000, 0x0000000084300000, 0x00000000d5580000)
  object space 68608K, 48% used [0x0000000080000000,0x000000008204e910,0x0000000084300000)
 Metaspace       used 50241K, committed 51456K, reserved 1114112K
  class space    used 5677K, committed 6208K, reserved 1048576K
}
Event: 23.166 GC heap after
{Heap after GC invocations=23 (full 2):
 PSYoungGen      total 17408K, used 1040K [0x00000000d5580000, 0x00000000d6f00000, 0x0000000100000000)
  eden space 15872K, 0% used [0x00000000d5580000,0x00000000d5580000,0x00000000d6500000)
  from space 1536K, 67% used [0x00000000d6500000,0x00000000d66042e0,0x00000000d6680000)
  to   space 4096K, 0% used [0x00000000d6b00000,0x00000000d6b00000,0x00000000d6f00000)
 ParOldGen       total 68608K, used 34042K [0x0000000080000000, 0x0000000084300000, 0x00000000d5580000)
  object space 68608K, 49% used [0x0000000080000000,0x000000008213eb68,0x0000000084300000)
 Metaspace       used 50241K, committed 51456K, reserved 1114112K
  class space    used 5677K, committed 6208K, reserved 1048576K
}
Event: 23.652 GC heap before
{Heap before GC invocations=24 (full 2):
 PSYoungGen      total 17408K, used 16912K [0x00000000d5580000, 0x00000000d6f00000, 0x0000000100000000)
  eden space 15872K, 100% used [0x00000000d5580000,0x00000000d6500000,0x00000000d6500000)
  from space 1536K, 67% used [0x00000000d6500000,0x00000000d66042e0,0x00000000d6680000)
  to   space 4096K, 0% used [0x00000000d6b00000,0x00000000d6b00000,0x00000000d6f00000)
 ParOldGen       total 68608K, used 34042K [0x0000000080000000, 0x0000000084300000, 0x00000000d5580000)
  object space 68608K, 49% used [0x0000000080000000,0x000000008213eb68,0x0000000084300000)
 Metaspace       used 51047K, committed 52288K, reserved 1114112K
  class space    used 5804K, committed 6336K, reserved 1048576K
}
Event: 23.654 GC heap after
{Heap after GC invocations=24 (full 2):
 PSYoungGen      total 16896K, used 768K [0x00000000d5580000, 0x00000000d6c00000, 0x0000000100000000)
  eden space 15872K, 0% used [0x00000000d5580000,0x00000000d5580000,0x00000000d6500000)
  from space 1024K, 75% used [0x00000000d6b00000,0x00000000d6bc0000,0x00000000d6c00000)
  to   space 1536K, 0% used [0x00000000d6900000,0x00000000d6900000,0x00000000d6a80000)
 ParOldGen       total 68608K, used 34894K [0x0000000080000000, 0x0000000084300000, 0x00000000d5580000)
  object space 68608K, 50% used [0x0000000080000000,0x00000000822138f8,0x0000000084300000)
 Metaspace       used 51047K, committed 52288K, reserved 1114112K
  class space    used 5804K, committed 6336K, reserved 1048576K
}
Event: 23.796 GC heap before
{Heap before GC invocations=25 (full 2):
 PSYoungGen      total 16896K, used 16640K [0x00000000d5580000, 0x00000000d6c00000, 0x0000000100000000)
  eden space 15872K, 100% used [0x00000000d5580000,0x00000000d6500000,0x00000000d6500000)
  from space 1024K, 75% used [0x00000000d6b00000,0x00000000d6bc0000,0x00000000d6c00000)
  to   space 1536K, 0% used [0x00000000d6900000,0x00000000d6900000,0x00000000d6a80000)
 ParOldGen       total 68608K, used 34894K [0x0000000080000000, 0x0000000084300000, 0x00000000d5580000)
  object space 68608K, 50% used [0x0000000080000000,0x00000000822138f8,0x0000000084300000)
 Metaspace       used 51075K, committed 52352K, reserved 1114112K
  class space    used 5805K, committed 6336K, reserved 1048576K
}
Event: 23.797 GC heap after
{Heap after GC invocations=25 (full 2):
 PSYoungGen      total 17408K, used 544K [0x00000000d5580000, 0x00000000d6b80000, 0x0000000100000000)
  eden space 15872K, 0% used [0x00000000d5580000,0x00000000d5580000,0x00000000d6500000)
  from space 1536K, 35% used [0x00000000d6900000,0x00000000d6988000,0x00000000d6a80000)
  to   space 1024K, 0% used [0x00000000d6a80000,0x00000000d6a80000,0x00000000d6b80000)
 ParOldGen       total 68608K, used 35479K [0x0000000080000000, 0x0000000084300000, 0x00000000d5580000)
  object space 68608K, 51% used [0x0000000080000000,0x00000000822a5ca8,0x0000000084300000)
 Metaspace       used 51075K, committed 52352K, reserved 1114112K
  class space    used 5805K, committed 6336K, reserved 1048576K
}
Event: 23.970 GC heap before
{Heap before GC invocations=26 (full 2):
 PSYoungGen      total 17408K, used 16416K [0x00000000d5580000, 0x00000000d6b80000, 0x0000000100000000)
  eden space 15872K, 100% used [0x00000000d5580000,0x00000000d6500000,0x00000000d6500000)
  from space 1536K, 35% used [0x00000000d6900000,0x00000000d6988000,0x00000000d6a80000)
  to   space 1024K, 0% used [0x00000000d6a80000,0x00000000d6a80000,0x00000000d6b80000)
 ParOldGen       total 68608K, used 35479K [0x0000000080000000, 0x0000000084300000, 0x00000000d5580000)
  object space 68608K, 51% used [0x0000000080000000,0x00000000822a5ca8,0x0000000084300000)
 Metaspace       used 51079K, committed 52352K, reserved 1114112K
  class space    used 5805K, committed 6336K, reserved 1048576K
}
Event: 23.971 GC heap after
{Heap after GC invocations=26 (full 2):
 PSYoungGen      total 16896K, used 608K [0x00000000d5580000, 0x00000000d6b80000, 0x0000000100000000)
  eden space 15872K, 0% used [0x00000000d5580000,0x00000000d5580000,0x00000000d6500000)
  from space 1024K, 59% used [0x00000000d6a80000,0x00000000d6b18000,0x00000000d6b80000)
  to   space 1024K, 0% used [0x00000000d6980000,0x00000000d6980000,0x00000000d6a80000)
 ParOldGen       total 68608K, used 35847K [0x0000000080000000, 0x0000000084300000, 0x00000000d5580000)
  object space 68608K, 52% used [0x0000000080000000,0x0000000082301ca8,0x0000000084300000)
 Metaspace       used 51079K, committed 52352K, reserved 1114112K
  class space    used 5805K, committed 6336K, reserved 1048576K
}
Event: 24.205 GC heap before
{Heap before GC invocations=27 (full 2):
 PSYoungGen      total 16896K, used 16480K [0x00000000d5580000, 0x00000000d6b80000, 0x0000000100000000)
  eden space 15872K, 100% used [0x00000000d5580000,0x00000000d6500000,0x00000000d6500000)
  from space 1024K, 59% used [0x00000000d6a80000,0x00000000d6b18000,0x00000000d6b80000)
  to   space 1024K, 0% used [0x00000000d6980000,0x00000000d6980000,0x00000000d6a80000)
 ParOldGen       total 68608K, used 35847K [0x0000000080000000, 0x0000000084300000, 0x00000000d5580000)
  object space 68608K, 52% used [0x0000000080000000,0x0000000082301ca8,0x0000000084300000)
 Metaspace       used 51087K, committed 52352K, reserved 1114112K
  class space    used 5805K, committed 6336K, reserved 1048576K
}
Event: 24.207 GC heap after
{Heap after GC invocations=27 (full 2):
 PSYoungGen      total 16896K, used 1005K [0x00000000d5580000, 0x00000000d6d00000, 0x0000000100000000)
  eden space 15872K, 0% used [0x00000000d5580000,0x00000000d5580000,0x00000000d6500000)
  from space 1024K, 98% used [0x00000000d6980000,0x00000000d6a7b570,0x00000000d6a80000)
  to   space 2560K, 0% used [0x00000000d6a80000,0x00000000d6a80000,0x00000000d6d00000)
 ParOldGen       total 68608K, used 38081K [0x0000000080000000, 0x0000000084300000, 0x00000000d5580000)
  object space 68608K, 55% used [0x0000000080000000,0x0000000082530648,0x0000000084300000)
 Metaspace       used 51087K, committed 52352K, reserved 1114112K
  class space    used 5805K, committed 6336K, reserved 1048576K
}
Event: 24.382 GC heap before
{Heap before GC invocations=28 (full 2):
 PSYoungGen      total 16896K, used 16877K [0x00000000d5580000, 0x00000000d6d00000, 0x0000000100000000)
  eden space 15872K, 100% used [0x00000000d5580000,0x00000000d6500000,0x00000000d6500000)
  from space 1024K, 98% used [0x00000000d6980000,0x00000000d6a7b570,0x00000000d6a80000)
  to   space 2560K, 0% used [0x00000000d6a80000,0x00000000d6a80000,0x00000000d6d00000)
 ParOldGen       total 68608K, used 38081K [0x0000000080000000, 0x0000000084300000, 0x00000000d5580000)
  object space 68608K, 55% used [0x0000000080000000,0x0000000082530648,0x0000000084300000)
 Metaspace       used 51442K, committed 52736K, reserved 1114112K
  class space    used 5891K, committed 6464K, reserved 1048576K
}
Event: 24.383 GC heap after
{Heap after GC invocations=28 (full 2):
 PSYoungGen      total 17920K, used 1903K [0x00000000d5580000, 0x00000000d6c80000, 0x0000000100000000)
  eden space 15872K, 0% used [0x00000000d5580000,0x00000000d5580000,0x00000000d6500000)
  from space 2048K, 92% used [0x00000000d6a80000,0x00000000d6c5bd28,0x00000000d6c80000)
  to   space 2560K, 0% used [0x00000000d6780000,0x00000000d6780000,0x00000000d6a00000)
 ParOldGen       total 68608K, used 39104K [0x0000000080000000, 0x0000000084300000, 0x00000000d5580000)
  object space 68608K, 56% used [0x0000000080000000,0x00000000826301e8,0x0000000084300000)
 Metaspace       used 51442K, committed 52736K, reserved 1114112K
  class space    used 5891K, committed 6464K, reserved 1048576K
}
Event: 24.662 GC heap before
{Heap before GC invocations=29 (full 2):
 PSYoungGen      total 17920K, used 17775K [0x00000000d5580000, 0x00000000d6c80000, 0x0000000100000000)
  eden space 15872K, 100% used [0x00000000d5580000,0x00000000d6500000,0x00000000d6500000)
  from space 2048K, 92% used [0x00000000d6a80000,0x00000000d6c5bd28,0x00000000d6c80000)
  to   space 2560K, 0% used [0x00000000d6780000,0x00000000d6780000,0x00000000d6a00000)
 ParOldGen       total 68608K, used 39104K [0x0000000080000000, 0x0000000084300000, 0x00000000d5580000)
  object space 68608K, 56% used [0x0000000080000000,0x00000000826301e8,0x0000000084300000)
 Metaspace       used 53067K, committed 54464K, reserved 1114112K
  class space    used 6164K, committed 6784K, reserved 1048576K
}
Event: 24.664 GC heap after
{Heap after GC invocations=29 (full 2):
 PSYoungGen      total 16896K, used 864K [0x00000000d5580000, 0x00000000d6b00000, 0x0000000100000000)
  eden space 15872K, 0% used [0x00000000d5580000,0x00000000d5580000,0x00000000d6500000)
  from space 1024K, 84% used [0x00000000d6780000,0x00000000d6858020,0x00000000d6880000)
  to   space 1536K, 0% used [0x00000000d6980000,0x00000000d6980000,0x00000000d6b00000)
 ParOldGen       total 68608K, used 40801K [0x0000000080000000, 0x0000000084300000, 0x00000000d5580000)
  object space 68608K, 59% used [0x0000000080000000,0x00000000827d8450,0x0000000084300000)
 Metaspace       used 53067K, committed 54464K, reserved 1114112K
  class space    used 6164K, committed 6784K, reserved 1048576K
}
Event: 24.849 GC heap before
{Heap before GC invocations=30 (full 2):
 PSYoungGen      total 16896K, used 16736K [0x00000000d5580000, 0x00000000d6b00000, 0x0000000100000000)
  eden space 15872K, 100% used [0x00000000d5580000,0x00000000d6500000,0x00000000d6500000)
  from space 1024K, 84% used [0x00000000d6780000,0x00000000d6858020,0x00000000d6880000)
  to   space 1536K, 0% used [0x00000000d6980000,0x00000000d6980000,0x00000000d6b00000)
 ParOldGen       total 68608K, used 40801K [0x0000000080000000, 0x0000000084300000, 0x00000000d5580000)
  object space 68608K, 59% used [0x0000000080000000,0x00000000827d8450,0x0000000084300000)
 Metaspace       used 54821K, committed 56256K, reserved 1114112K
  class space    used 6467K, committed 7104K, reserved 1048576K
}
Event: 24.851 GC heap after
{Heap after GC invocations=30 (full 2):
 PSYoungGen      total 16896K, used 576K [0x00000000d5580000, 0x00000000d6a80000, 0x0000000100000000)
  eden space 15872K, 0% used [0x00000000d5580000,0x00000000d5580000,0x00000000d6500000)
  from space 1024K, 56% used [0x00000000d6980000,0x00000000d6a10010,0x00000000d6a80000)
  to   space 1024K, 0% used [0x00000000d6780000,0x00000000d6780000,0x00000000d6880000)
 ParOldGen       total 68608K, used 41425K [0x0000000080000000, 0x0000000084300000, 0x00000000d5580000)
  object space 68608K, 60% used [0x0000000080000000,0x0000000082874470,0x0000000084300000)
 Metaspace       used 54821K, committed 56256K, reserved 1114112K
  class space    used 6467K, committed 7104K, reserved 1048576K
}
Event: 25.218 GC heap before
{Heap before GC invocations=31 (full 2):
 PSYoungGen      total 16896K, used 16448K [0x00000000d5580000, 0x00000000d6a80000, 0x0000000100000000)
  eden space 15872K, 100% used [0x00000000d5580000,0x00000000d6500000,0x00000000d6500000)
  from space 1024K, 56% used [0x00000000d6980000,0x00000000d6a10010,0x00000000d6a80000)
  to   space 1024K, 0% used [0x00000000d6780000,0x00000000d6780000,0x00000000d6880000)
 ParOldGen       total 68608K, used 41425K [0x0000000080000000, 0x0000000084300000, 0x00000000d5580000)
  object space 68608K, 60% used [0x0000000080000000,0x0000000082874470,0x0000000084300000)
 Metaspace       used 55438K, committed 56832K, reserved 1114112K
  class space    used 6566K, committed 7232K, reserved 1048576K
}
Event: 25.219 GC heap after
{Heap after GC invocations=31 (full 2):
 PSYoungGen      total 16896K, used 416K [0x00000000d5580000, 0x00000000d6a00000, 0x0000000100000000)
  eden space 15872K, 0% used [0x00000000d5580000,0x00000000d5580000,0x00000000d6500000)
  from space 1024K, 40% used [0x00000000d6780000,0x00000000d67e8000,0x00000000d6880000)
  to   space 512K, 0% used [0x00000000d6980000,0x00000000d6980000,0x00000000d6a00000)
 ParOldGen       total 68608K, used 41912K [0x0000000080000000, 0x0000000084300000, 0x00000000d5580000)
  object space 68608K, 61% used [0x0000000080000000,0x00000000828ee190,0x0000000084300000)
 Metaspace       used 55438K, committed 56832K, reserved 1114112K
  class space    used 6566K, committed 7232K, reserved 1048576K
}
Event: 25.565 GC heap before
{Heap before GC invocations=32 (full 2):
 PSYoungGen      total 16896K, used 16288K [0x00000000d5580000, 0x00000000d6a00000, 0x0000000100000000)
  eden space 15872K, 100% used [0x00000000d5580000,0x00000000d6500000,0x00000000d6500000)
  from space 1024K, 40% used [0x00000000d6780000,0x00000000d67e8000,0x00000000d6880000)
  to   space 512K, 0% used [0x00000000d6980000,0x00000000d6980000,0x00000000d6a00000)
 ParOldGen       total 68608K, used 41912K [0x0000000080000000, 0x0000000084300000, 0x00000000d5580000)
  object space 68608K, 61% used [0x0000000080000000,0x00000000828ee190,0x0000000084300000)
 Metaspace       used 55441K, committed 56832K, reserved 1114112K
  class space    used 6566K, committed 7232K, reserved 1048576K
}
Event: 25.566 GC heap after
{Heap after GC invocations=32 (full 2):
 PSYoungGen      total 16384K, used 192K [0x00000000d5580000, 0x00000000d6a00000, 0x0000000100000000)
  eden space 15872K, 0% used [0x00000000d5580000,0x00000000d5580000,0x00000000d6500000)
  from space 512K, 37% used [0x00000000d6980000,0x00000000d69b0000,0x00000000d6a00000)
  to   space 512K, 0% used [0x00000000d6900000,0x00000000d6900000,0x00000000d6980000)
 ParOldGen       total 68608K, used 42168K [0x0000000080000000, 0x0000000084300000, 0x00000000d5580000)
  object space 68608K, 61% used [0x0000000080000000,0x000000008292e190,0x0000000084300000)
 Metaspace       used 55441K, committed 56832K, reserved 1114112K
  class space    used 6566K, committed 7232K, reserved 1048576K
}

