# JRE version: OpenJDK Runtime Environment Temurin-21.0.11+10 (21.0.11+10) (build 21.0.11+10-LTS)
# Java VM: OpenJDK 64-Bit Server VM Temurin-21.0.11+10 (21.0.11+10-LTS, mixed mode, sharing, tiered, compressed oops, compressed class ptrs, parallel gc, windows-amd64)
GC Precious Log:
 CardTable entry size: 512
 CPUs: 12 total, 12 available
 Memory: 16087M
 Large Page Support: Disabled
 NUMA Support: Disabled
 Compressed Oops: Enabled (32-bit)
 Alignments: Space 512K, Generation 512K, Heap 2M
 Heap Min Capacity: 100M
 Heap Initial Capacity: 100M
 Heap Max Capacity: 2G
 Pre-touch: Disabled
 Parallel Workers: 10
Heap:
 PSYoungGen      total 19968K, used 7221K [0x00000000d5580000, 0x00000000d6f00000, 0x0000000100000000)
  eden space 17920K, 29% used [0x00000000d5580000,0x00000000d5a953e8,0x00000000d6700000)
  from space 2048K, 98% used [0x00000000d6700000,0x00000000d68f8030,0x00000000d6900000)
  to   space 4096K, 0% used [0x00000000d6b00000,0x00000000d6b00000,0x00000000d6f00000)
 ParOldGen       total 68608K, used 56229K [0x0000000080000000, 0x0000000084300000, 0x00000000d5580000)
  object space 68608K, 81% used [0x0000000080000000,0x00000000836e9440,0x0000000084300000)
 Metaspace       used 57506K, committed 58880K, reserved 1114112K
  class space    used 6792K, committed 7360K, reserved 1048576K
GC Heap History (20 events):
Event: 16.077 GC heap before
{Heap before GC invocations=25 (full 2):
 PSYoungGen      total 18944K, used 18784K [0x00000000d5580000, 0x00000000d7200000, 0x0000000100000000)
  eden space 17920K, 100% used [0x00000000d5580000,0x00000000d6700000,0x00000000d6700000)
  from space 1024K, 84% used [0x00000000d7100000,0x00000000d71d8000,0x00000000d7200000)
  to   space 4096K, 0% used [0x00000000d6a00000,0x00000000d6a00000,0x00000000d6e00000)
 ParOldGen       total 68608K, used 36329K [0x0000000080000000, 0x0000000084300000, 0x00000000d5580000)
  object space 68608K, 52% used [0x0000000080000000,0x000000008237a5b8,0x0000000084300000)
 Metaspace       used 50915K, committed 52160K, reserved 1114112K
  class space    used 5804K, committed 6336K, reserved 1048576K
}
Event: 16.078 GC heap after
{Heap after GC invocations=25 (full 2):
 PSYoungGen      total 22016K, used 576K [0x00000000d5580000, 0x00000000d7180000, 0x0000000100000000)
  eden space 17920K, 0% used [0x00000000d5580000,0x00000000d5580000,0x00000000d6700000)
  from space 4096K, 14% used [0x00000000d6a00000,0x00000000d6a90000,0x00000000d6e00000)
  to   space 1536K, 0% used [0x00000000d7000000,0x00000000d7000000,0x00000000d7180000)
 ParOldGen       total 68608K, used 36953K [0x0000000080000000, 0x0000000084300000, 0x00000000d5580000)
  object space 68608K, 53% used [0x0000000080000000,0x00000000824165c8,0x0000000084300000)
 Metaspace       used 50915K, committed 52160K, reserved 1114112K
  class space    used 5804K, committed 6336K, reserved 1048576K
}
Event: 16.321 GC heap before
{Heap before GC invocations=26 (full 2):
 PSYoungGen      total 22016K, used 18496K [0x00000000d5580000, 0x00000000d7180000, 0x0000000100000000)
  eden space 17920K, 100% used [0x00000000d5580000,0x00000000d6700000,0x00000000d6700000)
  from space 4096K, 14% used [0x00000000d6a00000,0x00000000d6a90000,0x00000000d6e00000)
  to   space 1536K, 0% used [0x00000000d7000000,0x00000000d7000000,0x00000000d7180000)
 ParOldGen       total 68608K, used 36953K [0x0000000080000000, 0x0000000084300000, 0x00000000d5580000)
  object space 68608K, 53% used [0x0000000080000000,0x00000000824165c8,0x0000000084300000)
 Metaspace       used 50936K, committed 52160K, reserved 1114112K
  class space    used 5805K, committed 6336K, reserved 1048576K
}
Event: 16.322 GC heap after
{Heap after GC invocations=26 (full 2):
 PSYoungGen      total 18944K, used 576K [0x00000000d5580000, 0x00000000d7100000, 0x0000000100000000)
  eden space 17920K, 0% used [0x00000000d5580000,0x00000000d5580000,0x00000000d6700000)
  from space 1024K, 56% used [0x00000000d7000000,0x00000000d7090000,0x00000000d7100000)
  to   space 1024K, 0% used [0x00000000d6f00000,0x00000000d6f00000,0x00000000d7000000)
 ParOldGen       total 68608K, used 37378K [0x0000000080000000, 0x0000000084300000, 0x00000000d5580000)
  object space 68608K, 54% used [0x0000000080000000,0x0000000082480968,0x0000000084300000)
 Metaspace       used 50936K, committed 52160K, reserved 1114112K
  class space    used 5805K, committed 6336K, reserved 1048576K
}
Event: 16.582 GC heap before
{Heap before GC invocations=27 (full 2):
 PSYoungGen      total 18944K, used 18004K [0x00000000d5580000, 0x00000000d7100000, 0x0000000100000000)
  eden space 17920K, 97% used [0x00000000d5580000,0x00000000d6685128,0x00000000d6700000)
  from space 1024K, 56% used [0x00000000d7000000,0x00000000d7090000,0x00000000d7100000)
  to   space 1024K, 0% used [0x00000000d6f00000,0x00000000d6f00000,0x00000000d7000000)
 ParOldGen       total 68608K, used 37378K [0x0000000080000000, 0x0000000084300000, 0x00000000d5580000)
  object space 68608K, 54% used [0x0000000080000000,0x0000000082480968,0x0000000084300000)
 Metaspace       used 50937K, committed 52160K, reserved 1114112K
  class space    used 5805K, committed 6336K, reserved 1048576K
}
Event: 16.583 GC heap after
{Heap after GC invocations=27 (full 2):
 PSYoungGen      total 18944K, used 1002K [0x00000000d5580000, 0x00000000d7080000, 0x0000000100000000)
  eden space 17920K, 0% used [0x00000000d5580000,0x00000000d5580000,0x00000000d6700000)
  from space 1024K, 97% used [0x00000000d6f00000,0x00000000d6ffab88,0x00000000d7000000)
  to   space 512K, 0% used [0x00000000d7000000,0x00000000d7000000,0x00000000d7080000)
 ParOldGen       total 68608K, used 37922K [0x0000000080000000, 0x0000000084300000, 0x00000000d5580000)
  object space 68608K, 55% used [0x0000000080000000,0x0000000082508968,0x0000000084300000)
 Metaspace       used 50937K, committed 52160K, reserved 1114112K
  class space    used 5805K, committed 6336K, reserved 1048576K
}
Event: 16.707 GC heap before
{Heap before GC invocations=28 (full 2):
 PSYoungGen      total 18944K, used 18922K [0x00000000d5580000, 0x00000000d7080000, 0x0000000100000000)
  eden space 17920K, 100% used [0x00000000d5580000,0x00000000d6700000,0x00000000d6700000)
  from space 1024K, 97% used [0x00000000d6f00000,0x00000000d6ffab88,0x00000000d7000000)
  to   space 512K, 0% used [0x00000000d7000000,0x00000000d7000000,0x00000000d7080000)
 ParOldGen       total 68608K, used 37922K [0x0000000080000000, 0x0000000084300000, 0x00000000d5580000)
  object space 68608K, 55% used [0x0000000080000000,0x0000000082508968,0x0000000084300000)
 Metaspace       used 51176K, committed 52416K, reserved 1114112K
  class space    used 5860K, committed 6400K, reserved 1048576K
}
Event: 16.709 GC heap after
{Heap after GC invocations=28 (full 2):
 PSYoungGen      total 18432K, used 489K [0x00000000d5580000, 0x00000000d7100000, 0x0000000100000000)
  eden space 17920K, 0% used [0x00000000d5580000,0x00000000d5580000,0x00000000d6700000)
  from space 512K, 95% used [0x00000000d7000000,0x00000000d707a6b8,0x00000000d7080000)
  to   space 5120K, 0% used [0x00000000d6700000,0x00000000d6700000,0x00000000d6c00000)
 ParOldGen       total 68608K, used 41934K [0x0000000080000000, 0x0000000084300000, 0x00000000d5580000)
  object space 68608K, 61% used [0x0000000080000000,0x00000000828f3a80,0x0000000084300000)
 Metaspace       used 51176K, committed 52416K, reserved 1114112K
  class space    used 5860K, committed 6400K, reserved 1048576K
}
Event: 16.919 GC heap before
{Heap before GC invocations=29 (full 2):
 PSYoungGen      total 18432K, used 18409K [0x00000000d5580000, 0x00000000d7100000, 0x0000000100000000)
  eden space 17920K, 100% used [0x00000000d5580000,0x00000000d6700000,0x00000000d6700000)
  from space 512K, 95% used [0x00000000d7000000,0x00000000d707a6b8,0x00000000d7080000)
  to   space 5120K, 0% used [0x00000000d6700000,0x00000000d6700000,0x00000000d6c00000)
 ParOldGen       total 68608K, used 41934K [0x0000000080000000, 0x0000000084300000, 0x00000000d5580000)
  object space 68608K, 61% used [0x0000000080000000,0x00000000828f3a80,0x0000000084300000)
 Metaspace       used 52910K, committed 54144K, reserved 1114112K
  class space    used 6164K, committed 6720K, reserved 1048576K
}
Event: 16.921 GC heap after
{Heap after GC invocations=29 (full 2):
 PSYoungGen      total 23040K, used 944K [0x00000000d5580000, 0x00000000d7080000, 0x0000000100000000)
  eden space 17920K, 0% used [0x00000000d5580000,0x00000000d5580000,0x00000000d6700000)
  from space 5120K, 18% used [0x00000000d6700000,0x00000000d67ec010,0x00000000d6c00000)
  to   space 2560K, 0% used [0x00000000d6e00000,0x00000000d6e00000,0x00000000d7080000)
 ParOldGen       total 68608K, used 42414K [0x0000000080000000, 0x0000000084300000, 0x00000000d5580000)
  object space 68608K, 61% used [0x0000000080000000,0x000000008296b9a0,0x0000000084300000)
 Metaspace       used 52910K, committed 54144K, reserved 1114112K
  class space    used 6164K, committed 6720K, reserved 1048576K
}
Event: 17.184 GC heap before
{Heap before GC invocations=30 (full 2):
 PSYoungGen      total 23040K, used 18864K [0x00000000d5580000, 0x00000000d7080000, 0x0000000100000000)
  eden space 17920K, 100% used [0x00000000d5580000,0x00000000d6700000,0x00000000d6700000)
  from space 5120K, 18% used [0x00000000d6700000,0x00000000d67ec010,0x00000000d6c00000)
  to   space 2560K, 0% used [0x00000000d6e00000,0x00000000d6e00000,0x00000000d7080000)
 ParOldGen       total 68608K, used 42414K [0x0000000080000000, 0x0000000084300000, 0x00000000d5580000)
  object space 68608K, 61% used [0x0000000080000000,0x000000008296b9a0,0x0000000084300000)
 Metaspace       used 54946K, committed 56320K, reserved 1114112K
  class space    used 6512K, committed 7104K, reserved 1048576K
}
Event: 17.186 GC heap after
{Heap after GC invocations=30 (full 2):
 PSYoungGen      total 18944K, used 688K [0x00000000d5580000, 0x00000000d6f00000, 0x0000000100000000)
  eden space 17920K, 0% used [0x00000000d5580000,0x00000000d5580000,0x00000000d6700000)
  from space 1024K, 67% used [0x00000000d6e00000,0x00000000d6eac010,0x00000000d6f00000)
  to   space 1024K, 0% used [0x00000000d6d00000,0x00000000d6d00000,0x00000000d6e00000)
 ParOldGen       total 68608K, used 43182K [0x0000000080000000, 0x0000000084300000, 0x00000000d5580000)
  object space 68608K, 62% used [0x0000000080000000,0x0000000082a2b9c0,0x0000000084300000)
 Metaspace       used 54946K, committed 56320K, reserved 1114112K
  class space    used 6512K, committed 7104K, reserved 1048576K
}
Event: 17.442 GC heap before
{Heap before GC invocations=31 (full 2):
 PSYoungGen      total 18944K, used 18608K [0x00000000d5580000, 0x00000000d6f00000, 0x0000000100000000)
  eden space 17920K, 100% used [0x00000000d5580000,0x00000000d6700000,0x00000000d6700000)
  from space 1024K, 67% used [0x00000000d6e00000,0x00000000d6eac010,0x00000000d6f00000)
  to   space 1024K, 0% used [0x00000000d6d00000,0x00000000d6d00000,0x00000000d6e00000)
 ParOldGen       total 68608K, used 43182K [0x0000000080000000, 0x0000000084300000, 0x00000000d5580000)
  object space 68608K, 62% used [0x0000000080000000,0x0000000082a2b9c0,0x0000000084300000)
 Metaspace       used 55320K, committed 56640K, reserved 1114112K
  class space    used 6567K, committed 7168K, reserved 1048576K
}
Event: 17.444 GC heap after
{Heap after GC invocations=31 (full 2):
 PSYoungGen      total 18432K, used 352K [0x00000000d5580000, 0x00000000d6e80000, 0x0000000100000000)
  eden space 17920K, 0% used [0x00000000d5580000,0x00000000d5580000,0x00000000d6700000)
  from space 512K, 68% used [0x00000000d6d00000,0x00000000d6d58000,0x00000000d6d80000)
  to   space 1024K, 0% used [0x00000000d6d80000,0x00000000d6d80000,0x00000000d6e80000)
 ParOldGen       total 68608K, used 43685K [0x0000000080000000, 0x0000000084300000, 0x00000000d5580000)
  object space 68608K, 63% used [0x0000000080000000,0x0000000082aa96d0,0x0000000084300000)
 Metaspace       used 55320K, committed 56640K, reserved 1114112K
  class space    used 6567K, committed 7168K, reserved 1048576K
}
Event: 27.869 GC heap before
{Heap before GC invocations=32 (full 2):
 PSYoungGen      total 18432K, used 18272K [0x00000000d5580000, 0x00000000d6e80000, 0x0000000100000000)
  eden space 17920K, 100% used [0x00000000d5580000,0x00000000d6700000,0x00000000d6700000)
  from space 512K, 68% used [0x00000000d6d00000,0x00000000d6d58000,0x00000000d6d80000)
  to   space 1024K, 0% used [0x00000000d6d80000,0x00000000d6d80000,0x00000000d6e80000)
 ParOldGen       total 68608K, used 43685K [0x0000000080000000, 0x0000000084300000, 0x00000000d5580000)
  object space 68608K, 63% used [0x0000000080000000,0x0000000082aa96d0,0x0000000084300000)
 Metaspace       used 55973K, committed 57344K, reserved 1114112K
  class space    used 6640K, committed 7232K, reserved 1048576K
}
Event: 27.871 GC heap after
{Heap after GC invocations=32 (full 2):
 PSYoungGen      total 18944K, used 1000K [0x00000000d5580000, 0x00000000d6f00000, 0x0000000100000000)
  eden space 17920K, 0% used [0x00000000d5580000,0x00000000d5580000,0x00000000d6700000)
  from space 1024K, 97% used [0x00000000d6d80000,0x00000000d6e7a0b8,0x00000000d6e80000)
  to   space 4096K, 0% used [0x00000000d6700000,0x00000000d6700000,0x00000000d6b00000)
 ParOldGen       total 68608K, used 45989K [0x0000000080000000, 0x0000000084300000, 0x00000000d5580000)
  object space 68608K, 67% used [0x0000000080000000,0x0000000082ce96d0,0x0000000084300000)
 Metaspace       used 55973K, committed 57344K, reserved 1114112K
  class space    used 6640K, committed 7232K, reserved 1048576K
}
Event: 28.106 GC heap before
{Heap before GC invocations=33 (full 2):
 PSYoungGen      total 18944K, used 18920K [0x00000000d5580000, 0x00000000d6f00000, 0x0000000100000000)
  eden space 17920K, 100% used [0x00000000d5580000,0x00000000d6700000,0x00000000d6700000)
  from space 1024K, 97% used [0x00000000d6d80000,0x00000000d6e7a0b8,0x00000000d6e80000)
  to   space 4096K, 0% used [0x00000000d6700000,0x00000000d6700000,0x00000000d6b00000)
 ParOldGen       total 68608K, used 45989K [0x0000000080000000, 0x0000000084300000, 0x00000000d5580000)
  object space 68608K, 67% used [0x0000000080000000,0x0000000082ce96d0,0x0000000084300000)
 Metaspace       used 57004K, committed 58432K, reserved 1114112K
  class space    used 6726K, committed 7296K, reserved 1048576K
}
Event: 28.108 GC heap after
{Heap after GC invocations=33 (full 2):
 PSYoungGen      total 22016K, used 1632K [0x00000000d5580000, 0x00000000d6e00000, 0x0000000100000000)
  eden space 17920K, 0% used [0x00000000d5580000,0x00000000d5580000,0x00000000d6700000)
  from space 4096K, 39% used [0x00000000d6700000,0x00000000d6898030,0x00000000d6b00000)
  to   space 2560K, 0% used [0x00000000d6b80000,0x00000000d6b80000,0x00000000d6e00000)
 ParOldGen       total 68608K, used 46287K [0x0000000080000000, 0x0000000084300000, 0x00000000d5580000)
  object space 68608K, 67% used [0x0000000080000000,0x0000000082d33ef8,0x0000000084300000)
 Metaspace       used 57004K, committed 58432K, reserved 1114112K
  class space    used 6726K, committed 7296K, reserved 1048576K
}
Event: 28.188 GC heap before
{Heap before GC invocations=34 (full 2):
 PSYoungGen      total 22016K, used 19552K [0x00000000d5580000, 0x00000000d6e00000, 0x0000000100000000)
  eden space 17920K, 100% used [0x00000000d5580000,0x00000000d6700000,0x00000000d6700000)
  from space 4096K, 39% used [0x00000000d6700000,0x00000000d6898030,0x00000000d6b00000)
  to   space 2560K, 0% used [0x00000000d6b80000,0x00000000d6b80000,0x00000000d6e00000)
 ParOldGen       total 68608K, used 46287K [0x0000000080000000, 0x0000000084300000, 0x00000000d5580000)
  object space 68608K, 67% used [0x0000000080000000,0x0000000082d33ef8,0x0000000084300000)
 Metaspace       used 57039K, committed 58432K, reserved 1114112K
  class space    used 6729K, committed 7296K, reserved 1048576K
}
Event: 28.191 GC heap after
{Heap after GC invocations=34 (full 2):
 PSYoungGen      total 19968K, used 1760K [0x00000000d5580000, 0x00000000d6d80000, 0x0000000100000000)
  eden space 17920K, 0% used [0x00000000d5580000,0x00000000d5580000,0x00000000d6700000)
  from space 2048K, 85% used [0x00000000d6b80000,0x00000000d6d38010,0x00000000d6d80000)
  to   space 2048K, 0% used [0x00000000d6980000,0x00000000d6980000,0x00000000d6b80000)
 ParOldGen       total 68608K, used 47788K [0x0000000080000000, 0x0000000084300000, 0x00000000d5580000)
  object space 68608K, 69% used [0x0000000080000000,0x0000000082eab280,0x0000000084300000)
 Metaspace       used 57039K, committed 58432K, reserved 1114112K
  class space    used 6729K, committed 7296K, reserved 1048576K
}

