# JRE version: OpenJDK Runtime Environment Temurin-21.0.11+10 (21.0.11+10) (build 21.0.11+10-LTS)
# Java VM: OpenJDK 64-Bit Server VM Temurin-21.0.11+10 (21.0.11+10-LTS, mixed mode, sharing, tiered, compressed oops, compressed class ptrs, parallel gc, windows-amd64)
GC Precious Log:
 CardTable entry size: 512
 CPUs: 12 total, 12 available
 Memory: 16087M
 Large Page Support: Disabled
 NUMA Support: Disabled
 Compressed Oops: Enabled (32-bit)
 Alignments: Space 512K, Generation 512K, Heap 2M
 Heap Min Capacity: 100M
 Heap Initial Capacity: 100M
 Heap Max Capacity: 2G
 Pre-touch: Disabled
 Parallel Workers: 10
Heap:
 PSYoungGen      total 16384K, used 392K [0x00000000d5580000, 0x00000000d6780000, 0x0000000100000000)
  eden space 15872K, 2% used [0x00000000d5580000,0x00000000d55e2038,0x00000000d6500000)
  from space 512K, 0% used [0x00000000d6580000,0x00000000d6580000,0x00000000d6600000)
  to   space 1024K, 0% used [0x00000000d6680000,0x00000000d6680000,0x00000000d6780000)
 ParOldGen       total 68608K, used 54037K [0x0000000080000000, 0x0000000084300000, 0x00000000d5580000)
  object space 68608K, 78% used [0x0000000080000000,0x00000000834c5780,0x0000000084300000)
 Metaspace       used 58359K, committed 59840K, reserved 1114112K
  class space    used 6882K, committed 7488K, reserved 1048576K
GC Heap History (20 events):
Event: 40.594 GC heap after
{Heap after GC invocations=34 (full 2):
 PSYoungGen      total 16896K, used 992K [0x00000000d5580000, 0x00000000d6b00000, 0x0000000100000000)
  eden space 15872K, 0% used [0x00000000d5580000,0x00000000d5580000,0x00000000d6500000)
  from space 1024K, 96% used [0x00000000d6a00000,0x00000000d6af8010,0x00000000d6b00000)
  to   space 2560K, 0% used [0x00000000d6600000,0x00000000d6600000,0x00000000d6880000)
 ParOldGen       total 68608K, used 44339K [0x0000000080000000, 0x0000000084300000, 0x00000000d5580000)
  object space 68608K, 64% used [0x0000000080000000,0x0000000082b4ce60,0x0000000084300000)
 Metaspace       used 57212K, committed 58560K, reserved 1114112K
  class space    used 6735K, committed 7296K, reserved 1048576K
}
Event: 40.617 GC heap before
{Heap before GC invocations=35 (full 2):
 PSYoungGen      total 16896K, used 16864K [0x00000000d5580000, 0x00000000d6b00000, 0x0000000100000000)
  eden space 15872K, 100% used [0x00000000d5580000,0x00000000d6500000,0x00000000d6500000)
  from space 1024K, 96% used [0x00000000d6a00000,0x00000000d6af8010,0x00000000d6b00000)
  to   space 2560K, 0% used [0x00000000d6600000,0x00000000d6600000,0x00000000d6880000)
 ParOldGen       total 68608K, used 44339K [0x0000000080000000, 0x0000000084300000, 0x00000000d5580000)
  object space 68608K, 64% used [0x0000000080000000,0x0000000082b4ce60,0x0000000084300000)
 Metaspace       used 57215K, committed 58624K, reserved 1114112K
  class space    used 6735K, committed 7296K, reserved 1048576K
}
Event: 40.618 GC heap after
{Heap after GC invocations=35 (full 2):
 PSYoungGen      total 18432K, used 1504K [0x00000000d5580000, 0x00000000d6a80000, 0x0000000100000000)
  eden space 15872K, 0% used [0x00000000d5580000,0x00000000d5580000,0x00000000d6500000)
  from space 2560K, 58% used [0x00000000d6600000,0x00000000d6778000,0x00000000d6880000)
  to   space 2048K, 0% used [0x00000000d6880000,0x00000000d6880000,0x00000000d6a80000)
 ParOldGen       total 68608K, used 45371K [0x0000000080000000, 0x0000000084300000, 0x00000000d5580000)
  object space 68608K, 66% used [0x0000000080000000,0x0000000082c4ee70,0x0000000084300000)
 Metaspace       used 57215K, committed 58624K, reserved 1114112K
  class space    used 6735K, committed 7296K, reserved 1048576K
}
Event: 40.667 GC heap before
{Heap before GC invocations=36 (full 2):
 PSYoungGen      total 18432K, used 17376K [0x00000000d5580000, 0x00000000d6a80000, 0x0000000100000000)
  eden space 15872K, 100% used [0x00000000d5580000,0x00000000d6500000,0x00000000d6500000)
  from space 2560K, 58% used [0x00000000d6600000,0x00000000d6778000,0x00000000d6880000)
  to   space 2048K, 0% used [0x00000000d6880000,0x00000000d6880000,0x00000000d6a80000)
 ParOldGen       total 68608K, used 45371K [0x0000000080000000, 0x0000000084300000, 0x00000000d5580000)
  object space 68608K, 66% used [0x0000000080000000,0x0000000082c4ee70,0x0000000084300000)
 Metaspace       used 57611K, committed 58944K, reserved 1114112K
  class space    used 6795K, committed 7360K, reserved 1048576K
}
Event: 40.669 GC heap after
{Heap after GC invocations=36 (full 2):
 PSYoungGen      total 17920K, used 1922K [0x00000000d5580000, 0x00000000d6a80000, 0x0000000100000000)
  eden space 15872K, 0% used [0x00000000d5580000,0x00000000d5580000,0x00000000d6500000)
  from space 2048K, 93% used [0x00000000d6880000,0x00000000d6a60820,0x00000000d6a80000)
  to   space 2048K, 0% used [0x00000000d6680000,0x00000000d6680000,0x00000000d6880000)
 ParOldGen       total 68608K, used 46747K [0x0000000080000000, 0x0000000084300000, 0x00000000d5580000)
  object space 68608K, 68% used [0x0000000080000000,0x0000000082da6e70,0x0000000084300000)
 Metaspace       used 57611K, committed 58944K, reserved 1114112K
  class space    used 6795K, committed 7360K, reserved 1048576K
}
Event: 40.690 GC heap before
{Heap before GC invocations=37 (full 2):
 PSYoungGen      total 17920K, used 17794K [0x00000000d5580000, 0x00000000d6a80000, 0x0000000100000000)
  eden space 15872K, 100% used [0x00000000d5580000,0x00000000d6500000,0x00000000d6500000)
  from space 2048K, 93% used [0x00000000d6880000,0x00000000d6a60820,0x00000000d6a80000)
  to   space 2048K, 0% used [0x00000000d6680000,0x00000000d6680000,0x00000000d6880000)
 ParOldGen       total 68608K, used 46747K [0x0000000080000000, 0x0000000084300000, 0x00000000d5580000)
  object space 68608K, 68% used [0x0000000080000000,0x0000000082da6e70,0x0000000084300000)
 Metaspace       used 57630K, committed 59072K, reserved 1114112K
  class space    used 6795K, committed 7360K, reserved 1048576K
}
Event: 40.693 GC heap after
{Heap after GC invocations=37 (full 2):
 PSYoungGen      total 17920K, used 1664K [0x00000000d5580000, 0x00000000d6900000, 0x0000000100000000)
  eden space 15872K, 0% used [0x00000000d5580000,0x00000000d5580000,0x00000000d6500000)
  from space 2048K, 81% used [0x00000000d6680000,0x00000000d6820000,0x00000000d6880000)
  to   space 512K, 0% used [0x00000000d6880000,0x00000000d6880000,0x00000000d6900000)
 ParOldGen       total 68608K, used 48521K [0x0000000080000000, 0x0000000084300000, 0x00000000d5580000)
  object space 68608K, 70% used [0x0000000080000000,0x0000000082f627b8,0x0000000084300000)
 Metaspace       used 57630K, committed 59072K, reserved 1114112K
  class space    used 6795K, committed 7360K, reserved 1048576K
}
Event: 40.714 GC heap before
{Heap before GC invocations=38 (full 2):
 PSYoungGen      total 17920K, used 17536K [0x00000000d5580000, 0x00000000d6900000, 0x0000000100000000)
  eden space 15872K, 100% used [0x00000000d5580000,0x00000000d6500000,0x00000000d6500000)
  from space 2048K, 81% used [0x00000000d6680000,0x00000000d6820000,0x00000000d6880000)
  to   space 512K, 0% used [0x00000000d6880000,0x00000000d6880000,0x00000000d6900000)
 ParOldGen       total 68608K, used 48521K [0x0000000080000000, 0x0000000084300000, 0x00000000d5580000)
  object space 68608K, 70% used [0x0000000080000000,0x0000000082f627b8,0x0000000084300000)
 Metaspace       used 57635K, committed 59072K, reserved 1114112K
  class space    used 6795K, committed 7360K, reserved 1048576K
}
Event: 40.716 GC heap after
{Heap after GC invocations=38 (full 2):
 PSYoungGen      total 16384K, used 512K [0x00000000d5580000, 0x00000000d6c00000, 0x0000000100000000)
  eden space 15872K, 0% used [0x00000000d5580000,0x00000000d5580000,0x00000000d6500000)
  from space 512K, 100% used [0x00000000d6880000,0x00000000d6900000,0x00000000d6900000)
  to   space 3584K, 0% used [0x00000000d6500000,0x00000000d6500000,0x00000000d6880000)
 ParOldGen       total 68608K, used 50989K [0x0000000080000000, 0x0000000084300000, 0x00000000d5580000)
  object space 68608K, 74% used [0x0000000080000000,0x00000000831cb790,0x0000000084300000)
 Metaspace       used 57635K, committed 59072K, reserved 1114112K
  class space    used 6795K, committed 7360K, reserved 1048576K
}
Event: 40.734 GC heap before
{Heap before GC invocations=39 (full 2):
 PSYoungGen      total 16384K, used 16384K [0x00000000d5580000, 0x00000000d6c00000, 0x0000000100000000)
  eden space 15872K, 100% used [0x00000000d5580000,0x00000000d6500000,0x00000000d6500000)
  from space 512K, 100% used [0x00000000d6880000,0x00000000d6900000,0x00000000d6900000)
  to   space 3584K, 0% used [0x00000000d6500000,0x00000000d6500000,0x00000000d6880000)
 ParOldGen       total 68608K, used 50989K [0x0000000080000000, 0x0000000084300000, 0x00000000d5580000)
  object space 68608K, 74% used [0x0000000080000000,0x00000000831cb790,0x0000000084300000)
 Metaspace       used 57637K, committed 59072K, reserved 1114112K
  class space    used 6795K, committed 7360K, reserved 1048576K
}
Event: 40.736 GC heap after
{Heap after GC invocations=39 (full 2):
 PSYoungGen      total 17408K, used 1504K [0x00000000d5580000, 0x00000000d6900000, 0x0000000100000000)
  eden space 15872K, 0% used [0x00000000d5580000,0x00000000d5580000,0x00000000d6500000)
  from space 1536K, 97% used [0x00000000d6500000,0x00000000d6678000,0x00000000d6680000)
  to   space 2048K, 0% used [0x00000000d6700000,0x00000000d6700000,0x00000000d6900000)
 ParOldGen       total 68608K, used 51549K [0x0000000080000000, 0x0000000084300000, 0x00000000d5580000)
  object space 68608K, 75% used [0x0000000080000000,0x0000000083257790,0x0000000084300000)
 Metaspace       used 57637K, committed 59072K, reserved 1114112K
  class space    used 6795K, committed 7360K, reserved 1048576K
}
Event: 40.775 GC heap before
{Heap before GC invocations=40 (full 2):
 PSYoungGen      total 17408K, used 17376K [0x00000000d5580000, 0x00000000d6900000, 0x0000000100000000)
  eden space 15872K, 100% used [0x00000000d5580000,0x00000000d6500000,0x00000000d6500000)
  from space 1536K, 97% used [0x00000000d6500000,0x00000000d6678000,0x00000000d6680000)
  to   space 2048K, 0% used [0x00000000d6700000,0x00000000d6700000,0x00000000d6900000)
 ParOldGen       total 68608K, used 51549K [0x0000000080000000, 0x0000000084300000, 0x00000000d5580000)
  object space 68608K, 75% used [0x0000000080000000,0x0000000083257790,0x0000000084300000)
 Metaspace       used 57664K, committed 59072K, reserved 1114112K
  class space    used 6796K, committed 7360K, reserved 1048576K
}
Event: 40.777 GC heap after
{Heap after GC invocations=40 (full 2):
 PSYoungGen      total 17920K, used 1760K [0x00000000d5580000, 0x00000000d6900000, 0x0000000100000000)
  eden space 15872K, 0% used [0x00000000d5580000,0x00000000d5580000,0x00000000d6500000)
  from space 2048K, 85% used [0x00000000d6700000,0x00000000d68b8010,0x00000000d6900000)
  to   space 2048K, 0% used [0x00000000d6500000,0x00000000d6500000,0x00000000d6700000)
 ParOldGen       total 68608K, used 52837K [0x0000000080000000, 0x0000000084300000, 0x00000000d5580000)
  object space 68608K, 77% used [0x0000000080000000,0x0000000083399790,0x0000000084300000)
 Metaspace       used 57664K, committed 59072K, reserved 1114112K
  class space    used 6796K, committed 7360K, reserved 1048576K
}
Event: 40.804 GC heap before
{Heap before GC invocations=41 (full 2):
 PSYoungGen      total 17920K, used 17632K [0x00000000d5580000, 0x00000000d6900000, 0x0000000100000000)
  eden space 15872K, 100% used [0x00000000d5580000,0x00000000d6500000,0x00000000d6500000)
  from space 2048K, 85% used [0x00000000d6700000,0x00000000d68b8010,0x00000000d6900000)
  to   space 2048K, 0% used [0x00000000d6500000,0x00000000d6500000,0x00000000d6700000)
 ParOldGen       total 68608K, used 52837K [0x0000000080000000, 0x0000000084300000, 0x00000000d5580000)
  object space 68608K, 77% used [0x0000000080000000,0x0000000083399790,0x0000000084300000)
 Metaspace       used 57695K, committed 59072K, reserved 1114112K
  class space    used 6798K, committed 7360K, reserved 1048576K
}
Event: 40.808 GC heap after
{Heap after GC invocations=41 (full 2):
 PSYoungGen      total 17920K, used 1504K [0x00000000d5580000, 0x00000000d6900000, 0x0000000100000000)
  eden space 15872K, 0% used [0x00000000d5580000,0x00000000d5580000,0x00000000d6500000)
  from space 2048K, 73% used [0x00000000d6500000,0x00000000d6678000,0x00000000d6700000)
  to   space 2048K, 0% used [0x00000000d6700000,0x00000000d6700000,0x00000000d6900000)
 ParOldGen       total 68608K, used 54469K [0x0000000080000000, 0x0000000084300000, 0x00000000d5580000)
  object space 68608K, 79% used [0x0000000080000000,0x00000000835317a0,0x0000000084300000)
 Metaspace       used 57695K, committed 59072K, reserved 1114112K
  class space    used 6798K, committed 7360K, reserved 1048576K
}
Event: 40.878 GC heap before
{Heap before GC invocations=42 (full 2):
 PSYoungGen      total 17920K, used 17376K [0x00000000d5580000, 0x00000000d6900000, 0x0000000100000000)
  eden space 15872K, 100% used [0x00000000d5580000,0x00000000d6500000,0x00000000d6500000)
  from space 2048K, 73% used [0x00000000d6500000,0x00000000d6678000,0x00000000d6700000)
  to   space 2048K, 0% used [0x00000000d6700000,0x00000000d6700000,0x00000000d6900000)
 ParOldGen       total 68608K, used 54469K [0x0000000080000000, 0x0000000084300000, 0x00000000d5580000)
  object space 68608K, 79% used [0x0000000080000000,0x00000000835317a0,0x0000000084300000)
 Metaspace       used 57984K, committed 59392K, reserved 1114112K
  class space    used 6825K, committed 7424K, reserved 1048576K
}
Event: 40.880 GC heap after
{Heap after GC invocations=42 (full 2):
 PSYoungGen      total 17408K, used 1344K [0x00000000d5580000, 0x00000000d6880000, 0x0000000100000000)
  eden space 15872K, 0% used [0x00000000d5580000,0x00000000d5580000,0x00000000d6500000)
  from space 1536K, 87% used [0x00000000d6700000,0x00000000d6850000,0x00000000d6880000)
  to   space 1536K, 0% used [0x00000000d6580000,0x00000000d6580000,0x00000000d6700000)
 ParOldGen       total 68608K, used 55814K [0x0000000080000000, 0x0000000084300000, 0x00000000d5580000)
  object space 68608K, 81% used [0x0000000080000000,0x00000000836819a0,0x0000000084300000)
 Metaspace       used 57984K, committed 59392K, reserved 1114112K
  class space    used 6825K, committed 7424K, reserved 1048576K
}
Event: 40.953 GC heap before
{Heap before GC invocations=43 (full 2):
 PSYoungGen      total 17408K, used 7157K [0x00000000d5580000, 0x00000000d6880000, 0x0000000100000000)
  eden space 15872K, 36% used [0x00000000d5580000,0x00000000d5b2d698,0x00000000d6500000)
  from space 1536K, 87% used [0x00000000d6700000,0x00000000d6850000,0x00000000d6880000)
  to   space 1536K, 0% used [0x00000000d6580000,0x00000000d6580000,0x00000000d6700000)
 ParOldGen       total 68608K, used 55814K [0x0000000080000000, 0x0000000084300000, 0x00000000d5580000)
  object space 68608K, 81% used [0x0000000080000000,0x00000000836819a0,0x0000000084300000)
 Metaspace       used 58357K, committed 59776K, reserved 1114112K
  class space    used 6882K, committed 7488K, reserved 1048576K
}
Event: 40.956 GC heap after
{Heap after GC invocations=43 (full 2):
 PSYoungGen      total 16384K, used 320K [0x00000000d5580000, 0x00000000d6780000, 0x0000000100000000)
  eden space 15872K, 0% used [0x00000000d5580000,0x00000000d5580000,0x00000000d6500000)
  from space 512K, 62% used [0x00000000d6580000,0x00000000d65d0000,0x00000000d6600000)
  to   space 1024K, 0% used [0x00000000d6680000,0x00000000d6680000,0x00000000d6780000)
 ParOldGen       total 68608K, used 56931K [0x0000000080000000, 0x0000000084300000, 0x00000000d5580000)
  object space 68608K, 82% used [0x0000000080000000,0x0000000083798e40,0x0000000084300000)
 Metaspace       used 58357K, committed 59776K, reserved 1114112K
  class space    used 6882K, committed 7488K, reserved 1048576K
}
Event: 40.957 GC heap before
{Heap before GC invocations=44 (full 3):
 PSYoungGen      total 16384K, used 320K [0x00000000d5580000, 0x00000000d6780000, 0x0000000100000000)
  eden space 15872K, 0% used [0x00000000d5580000,0x00000000d5580000,0x00000000d6500000)
  from space 512K, 62% used [0x00000000d6580000,0x00000000d65d0000,0x00000000d6600000)
  to   space 1024K, 0% used [0x00000000d6680000,0x00000000d6680000,0x00000000d6780000)
 ParOldGen       total 68608K, used 56931K [0x0000000080000000, 0x0000000084300000, 0x00000000d5580000)
  object space 68608K, 82% used [0x0000000080000000,0x0000000083798e40,0x0000000084300000)
 Metaspace       used 58357K, committed 59776K, reserved 1114112K
  class space    used 6882K, committed 7488K, reserved 1048576K
}

