# JRE version: OpenJDK Runtime Environment Temurin-21.0.11+10 (21.0.11+10) (build 21.0.11+10-LTS)
# Java VM: OpenJDK 64-Bit Server VM Temurin-21.0.11+10 (21.0.11+10-LTS, mixed mode, sharing, tiered, compressed oops, compressed class ptrs, parallel gc, windows-amd64)
GC Precious Log:
 CardTable entry size: 512
 CPUs: 12 total, 12 available
 Memory: 16087M
 Large Page Support: Disabled
 NUMA Support: Disabled
 Compressed Oops: Enabled (32-bit)
 Alignments: Space 512K, Generation 512K, Heap 2M
 Heap Min Capacity: 100M
 Heap Initial Capacity: 100M
 Heap Max Capacity: 2G
 Pre-touch: Disabled
 Parallel Workers: 10
Heap:
 PSYoungGen      total 24576K, used 9986K [0x00000000d5580000, 0x00000000d7280000, 0x0000000100000000)
  eden space 22016K, 36% used [0x00000000d5580000,0x00000000d5d3f858,0x00000000d6b00000)
  from space 2560K, 80% used [0x00000000d6f80000,0x00000000d7181000,0x00000000d7200000)
  to   space 512K, 0% used [0x00000000d7200000,0x00000000d7200000,0x00000000d7280000)
 ParOldGen       total 68608K, used 52835K [0x0000000080000000, 0x0000000084300000, 0x00000000d5580000)
  object space 68608K, 77% used [0x0000000080000000,0x0000000083398ea8,0x0000000084300000)
 Metaspace       used 57442K, committed 58816K, reserved 1114112K
  class space    used 6789K, committed 7424K, reserved 1048576K
GC Heap History (20 events):
Event: 12.526 GC heap before
{Heap before GC invocations=26 (full 2):
 PSYoungGen      total 27648K, used 22656K [0x00000000d5580000, 0x00000000d7800000, 0x0000000100000000)
  eden space 22016K, 100% used [0x00000000d5580000,0x00000000d6b00000,0x00000000d6b00000)
  from space 5632K, 11% used [0x00000000d6f00000,0x00000000d6fa0000,0x00000000d7480000)
  to   space 2048K, 0% used [0x00000000d7600000,0x00000000d7600000,0x00000000d7800000)
 ParOldGen       total 68608K, used 38541K [0x0000000080000000, 0x0000000084300000, 0x00000000d5580000)
  object space 68608K, 56% used [0x0000000080000000,0x00000000825a3718,0x0000000084300000)
 Metaspace       used 50919K, committed 52160K, reserved 1114112K
  class space    used 5807K, committed 6336K, reserved 1048576K
}
Event: 12.527 GC heap after
{Heap after GC invocations=26 (full 2):
 PSYoungGen      total 23040K, used 736K [0x00000000d5580000, 0x00000000d7700000, 0x0000000100000000)
  eden space 22016K, 0% used [0x00000000d5580000,0x00000000d5580000,0x00000000d6b00000)
  from space 1024K, 71% used [0x00000000d7600000,0x00000000d76b8000,0x00000000d7700000)
  to   space 1024K, 0% used [0x00000000d7500000,0x00000000d7500000,0x00000000d7600000)
 ParOldGen       total 68608K, used 39032K [0x0000000080000000, 0x0000000084300000, 0x00000000d5580000)
  object space 68608K, 56% used [0x0000000080000000,0x000000008261e0d8,0x0000000084300000)
 Metaspace       used 50919K, committed 52160K, reserved 1114112K
  class space    used 5807K, committed 6336K, reserved 1048576K
}
Event: 12.661 GC heap before
{Heap before GC invocations=27 (full 2):
 PSYoungGen      total 23040K, used 22752K [0x00000000d5580000, 0x00000000d7700000, 0x0000000100000000)
  eden space 22016K, 100% used [0x00000000d5580000,0x00000000d6b00000,0x00000000d6b00000)
  from space 1024K, 71% used [0x00000000d7600000,0x00000000d76b8000,0x00000000d7700000)
  to   space 1024K, 0% used [0x00000000d7500000,0x00000000d7500000,0x00000000d7600000)
 ParOldGen       total 68608K, used 39032K [0x0000000080000000, 0x0000000084300000, 0x00000000d5580000)
  object space 68608K, 56% used [0x0000000080000000,0x000000008261e0d8,0x0000000084300000)
 Metaspace       used 50930K, committed 52160K, reserved 1114112K
  class space    used 5807K, committed 6336K, reserved 1048576K
}
Event: 12.666 GC heap after
{Heap after GC invocations=27 (full 2):
 PSYoungGen      total 23040K, used 1010K [0x00000000d5580000, 0x00000000d7680000, 0x0000000100000000)
  eden space 22016K, 0% used [0x00000000d5580000,0x00000000d5580000,0x00000000d6b00000)
  from space 1024K, 98% used [0x00000000d7500000,0x00000000d75fcbf0,0x00000000d7600000)
  to   space 512K, 0% used [0x00000000d7600000,0x00000000d7600000,0x00000000d7680000)
 ParOldGen       total 68608K, used 42746K [0x0000000080000000, 0x0000000084300000, 0x00000000d5580000)
  object space 68608K, 62% used [0x0000000080000000,0x00000000829bea18,0x0000000084300000)
 Metaspace       used 50930K, committed 52160K, reserved 1114112K
  class space    used 5807K, committed 6336K, reserved 1048576K
}
Event: 12.924 GC heap before
{Heap before GC invocations=28 (full 2):
 PSYoungGen      total 23040K, used 23026K [0x00000000d5580000, 0x00000000d7680000, 0x0000000100000000)
  eden space 22016K, 100% used [0x00000000d5580000,0x00000000d6b00000,0x00000000d6b00000)
  from space 1024K, 98% used [0x00000000d7500000,0x00000000d75fcbf0,0x00000000d7600000)
  to   space 512K, 0% used [0x00000000d7600000,0x00000000d7600000,0x00000000d7680000)
 ParOldGen       total 68608K, used 42746K [0x0000000080000000, 0x0000000084300000, 0x00000000d5580000)
  object space 68608K, 62% used [0x0000000080000000,0x00000000829bea18,0x0000000084300000)
 Metaspace       used 52716K, committed 53952K, reserved 1114112K
  class space    used 6135K, committed 6656K, reserved 1048576K
}
Event: 12.925 GC heap after
{Heap after GC invocations=28 (full 2):
 PSYoungGen      total 22528K, used 496K [0x00000000d5580000, 0x00000000d7680000, 0x0000000100000000)
  eden space 22016K, 0% used [0x00000000d5580000,0x00000000d5580000,0x00000000d6b00000)
  from space 512K, 96% used [0x00000000d7600000,0x00000000d767c010,0x00000000d7680000)
  to   space 3072K, 0% used [0x00000000d7080000,0x00000000d7080000,0x00000000d7380000)
 ParOldGen       total 68608K, used 44159K [0x0000000080000000, 0x0000000084300000, 0x00000000d5580000)
  object space 68608K, 64% used [0x0000000080000000,0x0000000082b1fc40,0x0000000084300000)
 Metaspace       used 52716K, committed 53952K, reserved 1114112K
  class space    used 6135K, committed 6656K, reserved 1048576K
}
Event: 13.208 GC heap before
{Heap before GC invocations=29 (full 2):
 PSYoungGen      total 22528K, used 22512K [0x00000000d5580000, 0x00000000d7680000, 0x0000000100000000)
  eden space 22016K, 100% used [0x00000000d5580000,0x00000000d6b00000,0x00000000d6b00000)
  from space 512K, 96% used [0x00000000d7600000,0x00000000d767c010,0x00000000d7680000)
  to   space 3072K, 0% used [0x00000000d7080000,0x00000000d7080000,0x00000000d7380000)
 ParOldGen       total 68608K, used 44159K [0x0000000080000000, 0x0000000084300000, 0x00000000d5580000)
  object space 68608K, 64% used [0x0000000080000000,0x0000000082b1fc40,0x0000000084300000)
 Metaspace       used 55133K, committed 56448K, reserved 1114112K
  class space    used 6548K, committed 7104K, reserved 1048576K
}
Event: 13.210 GC heap after
{Heap after GC invocations=29 (full 2):
 PSYoungGen      total 25088K, used 800K [0x00000000d5580000, 0x00000000d7680000, 0x0000000100000000)
  eden space 22016K, 0% used [0x00000000d5580000,0x00000000d5580000,0x00000000d6b00000)
  from space 3072K, 26% used [0x00000000d7080000,0x00000000d7148010,0x00000000d7380000)
  to   space 1536K, 0% used [0x00000000d7500000,0x00000000d7500000,0x00000000d7680000)
 ParOldGen       total 68608K, used 44687K [0x0000000080000000, 0x0000000084300000, 0x00000000d5580000)
  object space 68608K, 65% used [0x0000000080000000,0x0000000082ba3c70,0x0000000084300000)
 Metaspace       used 55133K, committed 56448K, reserved 1114112K
  class space    used 6548K, committed 7104K, reserved 1048576K
}
Event: 13.664 GC heap before
{Heap before GC invocations=30 (full 2):
 PSYoungGen      total 25088K, used 22816K [0x00000000d5580000, 0x00000000d7680000, 0x0000000100000000)
  eden space 22016K, 100% used [0x00000000d5580000,0x00000000d6b00000,0x00000000d6b00000)
  from space 3072K, 26% used [0x00000000d7080000,0x00000000d7148010,0x00000000d7380000)
  to   space 1536K, 0% used [0x00000000d7500000,0x00000000d7500000,0x00000000d7680000)
 ParOldGen       total 68608K, used 44687K [0x0000000080000000, 0x0000000084300000, 0x00000000d5580000)
  object space 68608K, 65% used [0x0000000080000000,0x0000000082ba3c70,0x0000000084300000)
 Metaspace       used 55301K, committed 56512K, reserved 1114112K
  class space    used 6566K, committed 7104K, reserved 1048576K
}
Event: 13.666 GC heap after
{Heap after GC invocations=30 (full 2):
 PSYoungGen      total 22528K, used 384K [0x00000000d5580000, 0x00000000d7580000, 0x0000000100000000)
  eden space 22016K, 0% used [0x00000000d5580000,0x00000000d5580000,0x00000000d6b00000)
  from space 512K, 75% used [0x00000000d7500000,0x00000000d7560000,0x00000000d7580000)
  to   space 1024K, 0% used [0x00000000d7380000,0x00000000d7380000,0x00000000d7480000)
 ParOldGen       total 68608K, used 45350K [0x0000000080000000, 0x0000000084300000, 0x00000000d5580000)
  object space 68608K, 66% used [0x0000000080000000,0x0000000082c49990,0x0000000084300000)
 Metaspace       used 55301K, committed 56512K, reserved 1114112K
  class space    used 6566K, committed 7104K, reserved 1048576K
}
Event: 20.219 GC heap before
{Heap before GC invocations=31 (full 2):
 PSYoungGen      total 22528K, used 22400K [0x00000000d5580000, 0x00000000d7580000, 0x0000000100000000)
  eden space 22016K, 100% used [0x00000000d5580000,0x00000000d6b00000,0x00000000d6b00000)
  from space 512K, 75% used [0x00000000d7500000,0x00000000d7560000,0x00000000d7580000)
  to   space 1024K, 0% used [0x00000000d7380000,0x00000000d7380000,0x00000000d7480000)
 ParOldGen       total 68608K, used 45350K [0x0000000080000000, 0x0000000084300000, 0x00000000d5580000)
  object space 68608K, 66% used [0x0000000080000000,0x0000000082c49990,0x0000000084300000)
 Metaspace       used 56818K, committed 58176K, reserved 1114112K
  class space    used 6718K, committed 7296K, reserved 1048576K
}
Event: 20.220 GC heap after
{Heap after GC invocations=31 (full 2):
 PSYoungGen      total 23040K, used 1008K [0x00000000d5580000, 0x00000000d7580000, 0x0000000100000000)
  eden space 22016K, 0% used [0x00000000d5580000,0x00000000d5580000,0x00000000d6b00000)
  from space 1024K, 98% used [0x00000000d7380000,0x00000000d747c010,0x00000000d7480000)
  to   space 1024K, 0% used [0x00000000d7480000,0x00000000d7480000,0x00000000d7580000)
 ParOldGen       total 68608K, used 45550K [0x0000000080000000, 0x0000000084300000, 0x00000000d5580000)
  object space 68608K, 66% used [0x0000000080000000,0x0000000082c7b990,0x0000000084300000)
 Metaspace       used 56818K, committed 58176K, reserved 1114112K
  class space    used 6718K, committed 7296K, reserved 1048576K
}
Event: 22.351 GC heap before
{Heap before GC invocations=32 (full 2):
 PSYoungGen      total 23040K, used 23024K [0x00000000d5580000, 0x00000000d7580000, 0x0000000100000000)
  eden space 22016K, 100% used [0x00000000d5580000,0x00000000d6b00000,0x00000000d6b00000)
  from space 1024K, 98% used [0x00000000d7380000,0x00000000d747c010,0x00000000d7480000)
  to   space 1024K, 0% used [0x00000000d7480000,0x00000000d7480000,0x00000000d7580000)
 ParOldGen       total 68608K, used 45550K [0x0000000080000000, 0x0000000084300000, 0x00000000d5580000)
  object space 68608K, 66% used [0x0000000080000000,0x0000000082c7b990,0x0000000084300000)
 Metaspace       used 57022K, committed 58432K, reserved 1114112K
  class space    used 6729K, committed 7360K, reserved 1048576K
}
Event: 22.353 GC heap after
{Heap after GC invocations=32 (full 2):
 PSYoungGen      total 23040K, used 992K [0x00000000d5580000, 0x00000000d7580000, 0x0000000100000000)
  eden space 22016K, 0% used [0x00000000d5580000,0x00000000d5580000,0x00000000d6b00000)
  from space 1024K, 96% used [0x00000000d7480000,0x00000000d7578030,0x00000000d7580000)
  to   space 3584K, 0% used [0x00000000d6e80000,0x00000000d6e80000,0x00000000d7200000)
 ParOldGen       total 68608K, used 47493K [0x0000000080000000, 0x0000000084300000, 0x00000000d5580000)
  object space 68608K, 69% used [0x0000000080000000,0x0000000082e61520,0x0000000084300000)
 Metaspace       used 57022K, committed 58432K, reserved 1114112K
  class space    used 6729K, committed 7360K, reserved 1048576K
}
Event: 23.400 GC heap before
{Heap before GC invocations=33 (full 2):
 PSYoungGen      total 23040K, used 23008K [0x00000000d5580000, 0x00000000d7580000, 0x0000000100000000)
  eden space 22016K, 100% used [0x00000000d5580000,0x00000000d6b00000,0x00000000d6b00000)
  from space 1024K, 96% used [0x00000000d7480000,0x00000000d7578030,0x00000000d7580000)
  to   space 3584K, 0% used [0x00000000d6e80000,0x00000000d6e80000,0x00000000d7200000)
 ParOldGen       total 68608K, used 47493K [0x0000000080000000, 0x0000000084300000, 0x00000000d5580000)
  object space 68608K, 69% used [0x0000000080000000,0x0000000082e61520,0x0000000084300000)
 Metaspace       used 57428K, committed 58816K, reserved 1114112K
  class space    used 6789K, committed 7424K, reserved 1048576K
}
Event: 23.402 GC heap after
{Heap after GC invocations=33 (full 2):
 PSYoungGen      total 25600K, used 2370K [0x00000000d5580000, 0x00000000d7500000, 0x0000000100000000)
  eden space 22016K, 0% used [0x00000000d5580000,0x00000000d5580000,0x00000000d6b00000)
  from space 3584K, 66% used [0x00000000d6e80000,0x00000000d70d0810,0x00000000d7200000)
  to   space 3072K, 0% used [0x00000000d7200000,0x00000000d7200000,0x00000000d7500000)
 ParOldGen       total 68608K, used 48501K [0x0000000080000000, 0x0000000084300000, 0x00000000d5580000)
  object space 68608K, 70% used [0x0000000080000000,0x0000000082f5d550,0x0000000084300000)
 Metaspace       used 57428K, committed 58816K, reserved 1114112K
  class space    used 6789K, committed 7424K, reserved 1048576K
}
Event: 23.476 GC heap before
{Heap before GC invocations=34 (full 2):
 PSYoungGen      total 25600K, used 24386K [0x00000000d5580000, 0x00000000d7500000, 0x0000000100000000)
  eden space 22016K, 100% used [0x00000000d5580000,0x00000000d6b00000,0x00000000d6b00000)
  from space 3584K, 66% used [0x00000000d6e80000,0x00000000d70d0810,0x00000000d7200000)
  to   space 3072K, 0% used [0x00000000d7200000,0x00000000d7200000,0x00000000d7500000)
 ParOldGen       total 68608K, used 48501K [0x0000000080000000, 0x0000000084300000, 0x00000000d5580000)
  object space 68608K, 70% used [0x0000000080000000,0x0000000082f5d550,0x0000000084300000)
 Metaspace       used 57431K, committed 58816K, reserved 1114112K
  class space    used 6789K, committed 7424K, reserved 1048576K
}
Event: 23.479 GC heap after
{Heap after GC invocations=34 (full 2):
 PSYoungGen      total 24576K, used 2304K [0x00000000d5580000, 0x00000000d7480000, 0x0000000100000000)
  eden space 22016K, 0% used [0x00000000d5580000,0x00000000d5580000,0x00000000d6b00000)
  from space 2560K, 90% used [0x00000000d7200000,0x00000000d7440010,0x00000000d7480000)
  to   space 2560K, 0% used [0x00000000d6f80000,0x00000000d6f80000,0x00000000d7200000)
 ParOldGen       total 68608K, used 50635K [0x0000000080000000, 0x0000000084300000, 0x00000000d5580000)
  object space 68608K, 73% used [0x0000000080000000,0x0000000083172e88,0x0000000084300000)
 Metaspace       used 57431K, committed 58816K, reserved 1114112K
  class space    used 6789K, committed 7424K, reserved 1048576K
}
Event: 23.520 GC heap before
{Heap before GC invocations=35 (full 2):
 PSYoungGen      total 24576K, used 24320K [0x00000000d5580000, 0x00000000d7480000, 0x0000000100000000)
  eden space 22016K, 100% used [0x00000000d5580000,0x00000000d6b00000,0x00000000d6b00000)
  from space 2560K, 90% used [0x00000000d7200000,0x00000000d7440010,0x00000000d7480000)
  to   space 2560K, 0% used [0x00000000d6f80000,0x00000000d6f80000,0x00000000d7200000)
 ParOldGen       total 68608K, used 50635K [0x0000000080000000, 0x0000000084300000, 0x00000000d5580000)
  object space 68608K, 73% used [0x0000000080000000,0x0000000083172e88,0x0000000084300000)
 Metaspace       used 57437K, committed 58816K, reserved 1114112K
  class space    used 6789K, committed 7424K, reserved 1048576K
}
Event: 24.449 GC heap after
{Heap after GC invocations=35 (full 2):
 PSYoungGen      total 24576K, used 2052K [0x00000000d5580000, 0x00000000d7280000, 0x0000000100000000)
  eden space 22016K, 0% used [0x00000000d5580000,0x00000000d5580000,0x00000000d6b00000)
  from space 2560K, 80% used [0x00000000d6f80000,0x00000000d7181000,0x00000000d7200000)
  to   space 512K, 0% used [0x00000000d7200000,0x00000000d7200000,0x00000000d7280000)
 ParOldGen       total 68608K, used 52835K [0x0000000080000000, 0x0000000084300000, 0x00000000d5580000)
  object space 68608K, 77% used [0x0000000080000000,0x0000000083398ea8,0x0000000084300000)
 Metaspace       used 57437K, committed 58816K, reserved 1114112K
  class space    used 6789K, committed 7424K, reserved 1048576K
}

