# JRE version: Java(TM) SE Runtime Environment (21.0.11+9) (build 21.0.11+9-LTS-211)
# Java VM: Java HotSpot(TM) 64-Bit Server VM (21.0.11+9-LTS-211, mixed mode, sharing, tiered, compressed oops, compressed class ptrs, g1 gc, windows-amd64)
GC Precious Log:
 CardTable entry size: 512
 Card Set container configuration: InlinePtr #cards 5 size 8 Array Of Cards #cards 12 size 40 Howl #buckets 4 coarsen threshold 1843 Howl Bitmap #cards 512 size 80 coarsen threshold 460 Card regions per heap region 1 cards per card region 2048
 CPUs: 12 total, 12 available
 Memory: 16087M
 Large Page Support: Disabled
 NUMA Support: Disabled
 Compressed Oops: Enabled (32-bit)
 Heap Region Size: 1M
 Heap Min Capacity: 256M
 Heap Initial Capacity: 256M
 Heap Max Capacity: 1G
 Pre-touch: Disabled
 Parallel Workers: 10
 Concurrent Workers: 3
 Concurrent Refinement Workers: 10
 Periodic GC: Disabled
Heap:
 garbage-first heap   total 262144K, used 60409K [0x00000000c0000000, 0x0000000100000000)
  region size 1024K, 30 young (30720K), 20 survivors (20480K)
 Metaspace       used 58868K, committed 60608K, reserved 278528K
  class space    used 8223K, committed 9088K, reserved 212992K
GC Heap History (18 events):
Event: 0.367 GC heap before
{Heap before GC invocations=0 (full 0):
 garbage-first heap   total 262144K, used 22528K [0x00000000c0000000, 0x0000000100000000)
  region size 1024K, 23 young (23552K), 0 survivors (0K)
 Metaspace       used 1076K, committed 1216K, reserved 278528K
  class space    used 78K, committed 128K, reserved 212992K
}
Event: 0.370 GC heap after
{Heap after GC invocations=1 (full 0):
 garbage-first heap   total 262144K, used 2527K [0x00000000c0000000, 0x0000000100000000)
  region size 1024K, 3 young (3072K), 3 survivors (3072K)
 Metaspace       used 1076K, committed 1216K, reserved 278528K
  class space    used 78K, committed 128K, reserved 212992K
}
Event: 0.999 GC heap before
{Heap before GC invocations=1 (full 0):
 garbage-first heap   total 262144K, used 40415K [0x00000000c0000000, 0x0000000100000000)
  region size 1024K, 38 young (38912K), 3 survivors (3072K)
 Metaspace       used 4404K, committed 4608K, reserved 278528K
  class space    used 535K, committed 640K, reserved 212992K
}
Event: 1.003 GC heap after
{Heap after GC invocations=2 (full 0):
 garbage-first heap   total 262144K, used 10316K [0x00000000c0000000, 0x0000000100000000)
  region size 1024K, 5 young (5120K), 5 survivors (5120K)
 Metaspace       used 4404K, committed 4608K, reserved 278528K
  class space    used 535K, committed 640K, reserved 212992K
}
Event: 1.478 GC heap before
{Heap before GC invocations=2 (full 0):
 garbage-first heap   total 262144K, used 61516K [0x00000000c0000000, 0x0000000100000000)
  region size 1024K, 53 young (54272K), 5 survivors (5120K)
 Metaspace       used 5254K, committed 5440K, reserved 278528K
  class space    used 679K, committed 768K, reserved 212992K
}
Event: 1.483 GC heap after
{Heap after GC invocations=3 (full 0):
 garbage-first heap   total 262144K, used 16942K [0x00000000c0000000, 0x0000000100000000)
  region size 1024K, 5 young (5120K), 5 survivors (5120K)
 Metaspace       used 5254K, committed 5440K, reserved 278528K
  class space    used 679K, committed 768K, reserved 212992K
}
Event: 3.345 GC heap before
{Heap before GC invocations=3 (full 0):
 garbage-first heap   total 262144K, used 103982K [0x00000000c0000000, 0x0000000100000000)
  region size 1024K, 91 young (93184K), 5 survivors (5120K)
 Metaspace       used 20790K, committed 21504K, reserved 278528K
  class space    used 2964K, committed 3328K, reserved 212992K
}
Event: 3.351 GC heap after
{Heap after GC invocations=4 (full 0):
 garbage-first heap   total 262144K, used 24035K [0x00000000c0000000, 0x0000000100000000)
  region size 1024K, 12 young (12288K), 12 survivors (12288K)
 Metaspace       used 20790K, committed 21504K, reserved 278528K
  class space    used 2964K, committed 3328K, reserved 212992K
}
Event: 5.276 GC heap before
{Heap before GC invocations=5 (full 0):
 garbage-first heap   total 262144K, used 128483K [0x00000000c0000000, 0x0000000100000000)
  region size 1024K, 116 young (118784K), 12 survivors (12288K)
 Metaspace       used 34663K, committed 35968K, reserved 278528K
  class space    used 5031K, committed 5696K, reserved 212992K
}
Event: 5.285 GC heap after
{Heap after GC invocations=6 (full 0):
 garbage-first heap   total 262144K, used 30964K [0x00000000c0000000, 0x0000000100000000)
  region size 1024K, 14 young (14336K), 14 survivors (14336K)
 Metaspace       used 34663K, committed 35968K, reserved 278528K
  class space    used 5031K, committed 5696K, reserved 212992K
}
Event: 5.330 GC heap before
{Heap before GC invocations=6 (full 0):
 garbage-first heap   total 262144K, used 31988K [0x00000000c0000000, 0x0000000100000000)
  region size 1024K, 17 young (17408K), 14 survivors (14336K)
 Metaspace       used 34974K, committed 36288K, reserved 278528K
  class space    used 5063K, committed 5696K, reserved 212992K
}
Event: 5.336 GC heap after
{Heap after GC invocations=7 (full 0):
 garbage-first heap   total 262144K, used 32758K [0x00000000c0000000, 0x0000000100000000)
  region size 1024K, 9 young (9216K), 9 survivors (9216K)
 Metaspace       used 34974K, committed 36288K, reserved 278528K
  class space    used 5063K, committed 5696K, reserved 212992K
}
Event: 5.403 GC heap before
{Heap before GC invocations=7 (full 0):
 garbage-first heap   total 262144K, used 38902K [0x00000000c0000000, 0x0000000100000000)
  region size 1024K, 16 young (16384K), 9 survivors (9216K)
 Metaspace       used 35290K, committed 36608K, reserved 278528K
  class space    used 5091K, committed 5760K, reserved 212992K
}
Event: 5.407 GC heap after
{Heap after GC invocations=8 (full 0):
 garbage-first heap   total 262144K, used 32455K [0x00000000c0000000, 0x0000000100000000)
  region size 1024K, 9 young (9216K), 9 survivors (9216K)
 Metaspace       used 35290K, committed 36608K, reserved 278528K
  class space    used 5091K, committed 5760K, reserved 212992K
}
Event: 16.720 GC heap before
{Heap before GC invocations=9 (full 0):
 garbage-first heap   total 262144K, used 181959K [0x00000000c0000000, 0x0000000100000000)
  region size 1024K, 153 young (156672K), 9 survivors (9216K)
 Metaspace       used 47058K, committed 48512K, reserved 278528K
  class space    used 6625K, committed 7360K, reserved 212992K
}
Event: 16.728 GC heap after
{Heap after GC invocations=10 (full 0):
 garbage-first heap   total 262144K, used 41470K [0x00000000c0000000, 0x0000000100000000)
  region size 1024K, 18 young (18432K), 18 survivors (18432K)
 Metaspace       used 47058K, committed 48512K, reserved 278528K
  class space    used 6625K, committed 7360K, reserved 212992K
}
Event: 24.485 GC heap before
{Heap before GC invocations=10 (full 0):
 garbage-first heap   total 262144K, used 186878K [0x00000000c0000000, 0x0000000100000000)
  region size 1024K, 153 young (156672K), 18 survivors (18432K)
 Metaspace       used 58750K, committed 60480K, reserved 278528K
  class space    used 8223K, committed 9088K, reserved 212992K
}
Event: 24.497 GC heap after
{Heap after GC invocations=11 (full 0):
 garbage-first heap   total 262144K, used 51193K [0x00000000c0000000, 0x0000000100000000)
  region size 1024K, 20 young (20480K), 20 survivors (20480K)
 Metaspace       used 58750K, committed 60480K, reserved 278528K
  class space    used 8223K, committed 9088K, reserved 212992K
}

