# JRE version: OpenJDK Runtime Environment Temurin-21.0.11+10 (21.0.11+10) (build 21.0.11+10-LTS)
# Java VM: OpenJDK 64-Bit Server VM Temurin-21.0.11+10 (21.0.11+10-LTS, mixed mode, sharing, tiered, compressed oops, compressed class ptrs, parallel gc, windows-amd64)
GC Precious Log:
 CardTable entry size: 512
 CPUs: 12 total, 12 available
 Memory: 16087M
 Large Page Support: Disabled
 NUMA Support: Disabled
 Compressed Oops: Enabled (32-bit)
 Alignments: Space 512K, Generation 512K, Heap 2M
 Heap Min Capacity: 100M
 Heap Initial Capacity: 100M
 Heap Max Capacity: 2G
 Pre-touch: Disabled
 Parallel Workers: 10
Heap:
 PSYoungGen      total 24576K, used 12024K [0x00000000d5580000, 0x00000000d7080000, 0x0000000100000000)
  eden space 22016K, 49% used [0x00000000d5580000,0x00000000d600c2a0,0x00000000d6b00000)
  from space 2560K, 47% used [0x00000000d6b80000,0x00000000d6cb2100,0x00000000d6e00000)
  to   space 2048K, 0% used [0x00000000d6e80000,0x00000000d6e80000,0x00000000d7080000)
 ParOldGen       total 68608K, used 20707K [0x0000000080000000, 0x0000000084300000, 0x00000000d5580000)
  object space 68608K, 30% used [0x0000000080000000,0x0000000081438ff0,0x0000000084300000)
 Metaspace       used 37432K, committed 38528K, reserved 1114112K
  class space    used 3950K, committed 4416K, reserved 1048576K
GC Heap History (20 events):
Event: 5.401 GC heap before
{Heap before GC invocations=8 (full 0):
 PSYoungGen      total 30208K, used 7463K [0x00000000d5580000, 0x00000000d7880000, 0x0000000100000000)
  eden space 24576K, 8% used [0x00000000d5580000,0x00000000d577b7f8,0x00000000d6d80000)
  from space 5632K, 96% used [0x00000000d6e00000,0x00000000d734e6a0,0x00000000d7380000)
  to   space 5120K, 0% used [0x00000000d7380000,0x00000000d7380000,0x00000000d7880000)
 ParOldGen       total 68608K, used 9855K [0x0000000080000000, 0x0000000084300000, 0x00000000d5580000)
  object space 68608K, 14% used [0x0000000080000000,0x000000008099fc18,0x0000000084300000)
 Metaspace       used 20960K, committed 21824K, reserved 1114112K
  class space    used 2217K, committed 2624K, reserved 1048576K
}
Event: 5.403 GC heap after
{Heap after GC invocations=8 (full 0):
 PSYoungGen      total 29696K, used 4713K [0x00000000d5580000, 0x00000000d7880000, 0x0000000100000000)
  eden space 24576K, 0% used [0x00000000d5580000,0x00000000d5580000,0x00000000d6d80000)
  from space 5120K, 92% used [0x00000000d7380000,0x00000000d781a488,0x00000000d7880000)
  to   space 5120K, 0% used [0x00000000d6e80000,0x00000000d6e80000,0x00000000d7380000)
 ParOldGen       total 68608K, used 10867K [0x0000000080000000, 0x0000000084300000, 0x00000000d5580000)
  object space 68608K, 15% used [0x0000000080000000,0x0000000080a9cd70,0x0000000084300000)
 Metaspace       used 20960K, committed 21824K, reserved 1114112K
  class space    used 2217K, committed 2624K, reserved 1048576K
}
Event: 5.403 GC heap before
{Heap before GC invocations=9 (full 1):
 PSYoungGen      total 29696K, used 4713K [0x00000000d5580000, 0x00000000d7880000, 0x0000000100000000)
  eden space 24576K, 0% used [0x00000000d5580000,0x00000000d5580000,0x00000000d6d80000)
  from space 5120K, 92% used [0x00000000d7380000,0x00000000d781a488,0x00000000d7880000)
  to   space 5120K, 0% used [0x00000000d6e80000,0x00000000d6e80000,0x00000000d7380000)
 ParOldGen       total 68608K, used 10867K [0x0000000080000000, 0x0000000084300000, 0x00000000d5580000)
  object space 68608K, 15% used [0x0000000080000000,0x0000000080a9cd70,0x0000000084300000)
 Metaspace       used 20960K, committed 21824K, reserved 1114112K
  class space    used 2217K, committed 2624K, reserved 1048576K
}
Event: 5.431 GC heap after
{Heap after GC invocations=9 (full 1):
 PSYoungGen      total 29696K, used 0K [0x00000000d5580000, 0x00000000d7880000, 0x0000000100000000)
  eden space 24576K, 0% used [0x00000000d5580000,0x00000000d5580000,0x00000000d6d80000)
  from space 5120K, 0% used [0x00000000d7380000,0x00000000d7380000,0x00000000d7880000)
  to   space 5120K, 0% used [0x00000000d6e80000,0x00000000d6e80000,0x00000000d7380000)
 ParOldGen       total 68608K, used 14790K [0x0000000080000000, 0x0000000084300000, 0x00000000d5580000)
  object space 68608K, 21% used [0x0000000080000000,0x0000000080e71a88,0x0000000084300000)
 Metaspace       used 20947K, committed 21824K, reserved 1114112K
  class space    used 2213K, committed 2624K, reserved 1048576K
}
Event: 5.635 GC heap before
{Heap before GC invocations=10 (full 1):
 PSYoungGen      total 29696K, used 24576K [0x00000000d5580000, 0x00000000d7880000, 0x0000000100000000)
  eden space 24576K, 100% used [0x00000000d5580000,0x00000000d6d80000,0x00000000d6d80000)
  from space 5120K, 0% used [0x00000000d7380000,0x00000000d7380000,0x00000000d7880000)
  to   space 5120K, 0% used [0x00000000d6e80000,0x00000000d6e80000,0x00000000d7380000)
 ParOldGen       total 68608K, used 14790K [0x0000000080000000, 0x0000000084300000, 0x00000000d5580000)
  object space 68608K, 21% used [0x0000000080000000,0x0000000080e71a88,0x0000000084300000)
 Metaspace       used 23680K, committed 24576K, reserved 1114112K
  class space    used 2387K, committed 2816K, reserved 1048576K
}
Event: 5.636 GC heap after
{Heap after GC invocations=10 (full 1):
 PSYoungGen      total 24576K, used 459K [0x00000000d5580000, 0x00000000d7400000, 0x0000000100000000)
  eden space 24064K, 0% used [0x00000000d5580000,0x00000000d5580000,0x00000000d6d00000)
  from space 512K, 89% used [0x00000000d6e80000,0x00000000d6ef2c68,0x00000000d6f00000)
  to   space 2560K, 0% used [0x00000000d7180000,0x00000000d7180000,0x00000000d7400000)
 ParOldGen       total 68608K, used 14798K [0x0000000080000000, 0x0000000084300000, 0x00000000d5580000)
  object space 68608K, 21% used [0x0000000080000000,0x0000000080e73a88,0x0000000084300000)
 Metaspace       used 23680K, committed 24576K, reserved 1114112K
  class space    used 2387K, committed 2816K, reserved 1048576K
}
Event: 5.915 GC heap before
{Heap before GC invocations=11 (full 1):
 PSYoungGen      total 24576K, used 24523K [0x00000000d5580000, 0x00000000d7400000, 0x0000000100000000)
  eden space 24064K, 100% used [0x00000000d5580000,0x00000000d6d00000,0x00000000d6d00000)
  from space 512K, 89% used [0x00000000d6e80000,0x00000000d6ef2c68,0x00000000d6f00000)
  to   space 2560K, 0% used [0x00000000d7180000,0x00000000d7180000,0x00000000d7400000)
 ParOldGen       total 68608K, used 14798K [0x0000000080000000, 0x0000000084300000, 0x00000000d5580000)
  object space 68608K, 21% used [0x0000000080000000,0x0000000080e73a88,0x0000000084300000)
 Metaspace       used 26529K, committed 27392K, reserved 1114112K
  class space    used 2615K, committed 3008K, reserved 1048576K
}
Event: 5.916 GC heap after
{Heap after GC invocations=11 (full 1):
 PSYoungGen      total 26112K, used 2387K [0x00000000d5580000, 0x00000000d7400000, 0x0000000100000000)
  eden space 23552K, 0% used [0x00000000d5580000,0x00000000d5580000,0x00000000d6c80000)
  from space 2560K, 93% used [0x00000000d7180000,0x00000000d73d4f18,0x00000000d7400000)
  to   space 3072K, 0% used [0x00000000d6e00000,0x00000000d6e00000,0x00000000d7100000)
 ParOldGen       total 68608K, used 14798K [0x0000000080000000, 0x0000000084300000, 0x00000000d5580000)
  object space 68608K, 21% used [0x0000000080000000,0x0000000080e73a88,0x0000000084300000)
 Metaspace       used 26529K, committed 27392K, reserved 1114112K
  class space    used 2615K, committed 3008K, reserved 1048576K
}
Event: 6.258 GC heap before
{Heap before GC invocations=12 (full 1):
 PSYoungGen      total 26112K, used 25939K [0x00000000d5580000, 0x00000000d7400000, 0x0000000100000000)
  eden space 23552K, 100% used [0x00000000d5580000,0x00000000d6c80000,0x00000000d6c80000)
  from space 2560K, 93% used [0x00000000d7180000,0x00000000d73d4f18,0x00000000d7400000)
  to   space 3072K, 0% used [0x00000000d6e00000,0x00000000d6e00000,0x00000000d7100000)
 ParOldGen       total 68608K, used 14798K [0x0000000080000000, 0x0000000084300000, 0x00000000d5580000)
  object space 68608K, 21% used [0x0000000080000000,0x0000000080e73a88,0x0000000084300000)
 Metaspace       used 28722K, committed 29632K, reserved 1114112K
  class space    used 2808K, committed 3200K, reserved 1048576K
}
Event: 6.260 GC heap after
{Heap after GC invocations=12 (full 1):
 PSYoungGen      total 24576K, used 1308K [0x00000000d5580000, 0x00000000d7200000, 0x0000000100000000)
  eden space 23040K, 0% used [0x00000000d5580000,0x00000000d5580000,0x00000000d6c00000)
  from space 1536K, 85% used [0x00000000d6e00000,0x00000000d6f472d0,0x00000000d6f80000)
  to   space 2048K, 0% used [0x00000000d7000000,0x00000000d7000000,0x00000000d7200000)
 ParOldGen       total 68608K, used 16886K [0x0000000080000000, 0x0000000084300000, 0x00000000d5580000)
  object space 68608K, 24% used [0x0000000080000000,0x000000008107d8d0,0x0000000084300000)
 Metaspace       used 28722K, committed 29632K, reserved 1114112K
  class space    used 2808K, committed 3200K, reserved 1048576K
}
Event: 6.474 GC heap before
{Heap before GC invocations=13 (full 1):
 PSYoungGen      total 24576K, used 24348K [0x00000000d5580000, 0x00000000d7200000, 0x0000000100000000)
  eden space 23040K, 100% used [0x00000000d5580000,0x00000000d6c00000,0x00000000d6c00000)
  from space 1536K, 85% used [0x00000000d6e00000,0x00000000d6f472d0,0x00000000d6f80000)
  to   space 2048K, 0% used [0x00000000d7000000,0x00000000d7000000,0x00000000d7200000)
 ParOldGen       total 68608K, used 16886K [0x0000000080000000, 0x0000000084300000, 0x00000000d5580000)
  object space 68608K, 24% used [0x0000000080000000,0x000000008107d8d0,0x0000000084300000)
 Metaspace       used 31577K, committed 32640K, reserved 1114112K
  class space    used 3147K, committed 3584K, reserved 1048576K
}
Event: 6.476 GC heap after
{Heap after GC invocations=13 (full 1):
 PSYoungGen      total 24576K, used 1925K [0x00000000d5580000, 0x00000000d7200000, 0x0000000100000000)
  eden space 22528K, 0% used [0x00000000d5580000,0x00000000d5580000,0x00000000d6b80000)
  from space 2048K, 93% used [0x00000000d7000000,0x00000000d71e1450,0x00000000d7200000)
  to   space 2048K, 0% used [0x00000000d6e00000,0x00000000d6e00000,0x00000000d7000000)
 ParOldGen       total 68608K, used 18049K [0x0000000080000000, 0x0000000084300000, 0x00000000d5580000)
  object space 68608K, 26% used [0x0000000080000000,0x00000000811a0720,0x0000000084300000)
 Metaspace       used 31577K, committed 32640K, reserved 1114112K
  class space    used 3147K, committed 3584K, reserved 1048576K
}
Event: 6.618 GC heap before
{Heap before GC invocations=14 (full 1):
 PSYoungGen      total 24576K, used 24453K [0x00000000d5580000, 0x00000000d7200000, 0x0000000100000000)
  eden space 22528K, 100% used [0x00000000d5580000,0x00000000d6b80000,0x00000000d6b80000)
  from space 2048K, 93% used [0x00000000d7000000,0x00000000d71e1450,0x00000000d7200000)
  to   space 2048K, 0% used [0x00000000d6e00000,0x00000000d6e00000,0x00000000d7000000)
 ParOldGen       total 68608K, used 18049K [0x0000000080000000, 0x0000000084300000, 0x00000000d5580000)
  object space 68608K, 26% used [0x0000000080000000,0x00000000811a0720,0x0000000084300000)
 Metaspace       used 33965K, committed 35072K, reserved 1114112K
  class space    used 3479K, committed 3968K, reserved 1048576K
}
Event: 6.620 GC heap after
{Heap after GC invocations=14 (full 1):
 PSYoungGen      total 24064K, used 2032K [0x00000000d5580000, 0x00000000d7080000, 0x0000000100000000)
  eden space 22016K, 0% used [0x00000000d5580000,0x00000000d5580000,0x00000000d6b00000)
  from space 2048K, 99% used [0x00000000d6e00000,0x00000000d6ffc010,0x00000000d7000000)
  to   space 512K, 0% used [0x00000000d7000000,0x00000000d7000000,0x00000000d7080000)
 ParOldGen       total 68608K, used 19345K [0x0000000080000000, 0x0000000084300000, 0x00000000d5580000)
  object space 68608K, 28% used [0x0000000080000000,0x00000000812e4470,0x0000000084300000)
 Metaspace       used 33965K, committed 35072K, reserved 1114112K
  class space    used 3479K, committed 3968K, reserved 1048576K
}
Event: 6.727 GC heap before
{Heap before GC invocations=15 (full 1):
 PSYoungGen      total 24064K, used 13344K [0x00000000d5580000, 0x00000000d7080000, 0x0000000100000000)
  eden space 22016K, 51% used [0x00000000d5580000,0x00000000d608c2a0,0x00000000d6b00000)
  from space 2048K, 99% used [0x00000000d6e00000,0x00000000d6ffc010,0x00000000d7000000)
  to   space 512K, 0% used [0x00000000d7000000,0x00000000d7000000,0x00000000d7080000)
 ParOldGen       total 68608K, used 19345K [0x0000000080000000, 0x0000000084300000, 0x00000000d5580000)
  object space 68608K, 28% used [0x0000000080000000,0x00000000812e4470,0x0000000084300000)
 Metaspace       used 35344K, committed 36416K, reserved 1114112K
  class space    used 3687K, committed 4160K, reserved 1048576K
}
Event: 6.729 GC heap after
{Heap after GC invocations=15 (full 1):
 PSYoungGen      total 22528K, used 512K [0x00000000d5580000, 0x00000000d7080000, 0x0000000100000000)
  eden space 22016K, 0% used [0x00000000d5580000,0x00000000d5580000,0x00000000d6b00000)
  from space 512K, 100% used [0x00000000d7000000,0x00000000d7080000,0x00000000d7080000)
  to   space 2560K, 0% used [0x00000000d6b80000,0x00000000d6b80000,0x00000000d6e00000)
 ParOldGen       total 68608K, used 21161K [0x0000000080000000, 0x0000000084300000, 0x00000000d5580000)
  object space 68608K, 30% used [0x0000000080000000,0x00000000814aa4b0,0x0000000084300000)
 Metaspace       used 35344K, committed 36416K, reserved 1114112K
  class space    used 3687K, committed 4160K, reserved 1048576K
}
Event: 6.729 GC heap before
{Heap before GC invocations=16 (full 2):
 PSYoungGen      total 22528K, used 512K [0x00000000d5580000, 0x00000000d7080000, 0x0000000100000000)
  eden space 22016K, 0% used [0x00000000d5580000,0x00000000d5580000,0x00000000d6b00000)
  from space 512K, 100% used [0x00000000d7000000,0x00000000d7080000,0x00000000d7080000)
  to   space 2560K, 0% used [0x00000000d6b80000,0x00000000d6b80000,0x00000000d6e00000)
 ParOldGen       total 68608K, used 21161K [0x0000000080000000, 0x0000000084300000, 0x00000000d5580000)
  object space 68608K, 30% used [0x0000000080000000,0x00000000814aa4b0,0x0000000084300000)
 Metaspace       used 35344K, committed 36416K, reserved 1114112K
  class space    used 3687K, committed 4160K, reserved 1048576K
}
Event: 6.760 GC heap after
{Heap after GC invocations=16 (full 2):
 PSYoungGen      total 22528K, used 0K [0x00000000d5580000, 0x00000000d7080000, 0x0000000100000000)
  eden space 22016K, 0% used [0x00000000d5580000,0x00000000d5580000,0x00000000d6b00000)
  from space 512K, 0% used [0x00000000d7000000,0x00000000d7000000,0x00000000d7080000)
  to   space 2560K, 0% used [0x00000000d6b80000,0x00000000d6b80000,0x00000000d6e00000)
 ParOldGen       total 68608K, used 20699K [0x0000000080000000, 0x0000000084300000, 0x00000000d5580000)
  object space 68608K, 30% used [0x0000000080000000,0x0000000081436ff0,0x0000000084300000)
 Metaspace       used 35334K, committed 36416K, reserved 1114112K
  class space    used 3684K, committed 4160K, reserved 1048576K
}
Event: 6.957 GC heap before
{Heap before GC invocations=17 (full 2):
 PSYoungGen      total 22528K, used 22016K [0x00000000d5580000, 0x00000000d7080000, 0x0000000100000000)
  eden space 22016K, 100% used [0x00000000d5580000,0x00000000d6b00000,0x00000000d6b00000)
  from space 512K, 0% used [0x00000000d7000000,0x00000000d7000000,0x00000000d7080000)
  to   space 2560K, 0% used [0x00000000d6b80000,0x00000000d6b80000,0x00000000d6e00000)
 ParOldGen       total 68608K, used 20699K [0x0000000080000000, 0x0000000084300000, 0x00000000d5580000)
  object space 68608K, 30% used [0x0000000080000000,0x0000000081436ff0,0x0000000084300000)
 Metaspace       used 36755K, committed 37888K, reserved 1114112K
  class space    used 3871K, committed 4352K, reserved 1048576K
}
Event: 6.957 GC heap after
{Heap after GC invocations=17 (full 2):
 PSYoungGen      total 24576K, used 1224K [0x00000000d5580000, 0x00000000d7080000, 0x0000000100000000)
  eden space 22016K, 0% used [0x00000000d5580000,0x00000000d5580000,0x00000000d6b00000)
  from space 2560K, 47% used [0x00000000d6b80000,0x00000000d6cb2100,0x00000000d6e00000)
  to   space 2048K, 0% used [0x00000000d6e80000,0x00000000d6e80000,0x00000000d7080000)
 ParOldGen       total 68608K, used 20707K [0x0000000080000000, 0x0000000084300000, 0x00000000d5580000)
  object space 68608K, 30% used [0x0000000080000000,0x0000000081438ff0,0x0000000084300000)
 Metaspace       used 36755K, committed 37888K, reserved 1114112K
  class space    used 3871K, committed 4352K, reserved 1048576K
}

