# JRE version: OpenJDK Runtime Environment Temurin-21.0.11+10 (21.0.11+10) (build 21.0.11+10-LTS)
# Java VM: OpenJDK 64-Bit Server VM Temurin-21.0.11+10 (21.0.11+10-LTS, mixed mode, emulated-client, tiered, compressed oops, compressed class ptrs, g1 gc, windows-amd64)
GC Precious Log:
 CardTable entry size: 512
 Card Set container configuration: InlinePtr #cards 5 size 8 Array Of Cards #cards 12 size 40 Howl #buckets 4 coarsen threshold 1843 Howl Bitmap #cards 512 size 80 coarsen threshold 460 Card regions per heap region 1 cards per card region 2048
 CPUs: 12 total, 12 available
 Memory: 16087M
 Large Page Support: Disabled
 NUMA Support: Disabled
 Compressed Oops: Enabled (Zero based)
 Heap Region Size: 1M
 Heap Min Capacity: 96M
 Heap Initial Capacity: 96M
 Heap Max Capacity: 640M
 Pre-touch: Disabled
 Parallel Workers: 10
 Concurrent Workers: 3
 Concurrent Refinement Workers: 10
 Periodic GC: Disabled
Heap:
 garbage-first heap   total 101376K, used 87512K [0x0000000200000000, 0x0000000228000000)
  region size 1024K, 53 young (54272K), 5 survivors (5120K)
 Metaspace       used 46743K, committed 48128K, reserved 196608K
  class space    used 6744K, committed 7424K, reserved 131072K
GC Heap History (17 events):
Event: 0.427 GC heap before
{Heap before GC invocations=0 (full 0):
 garbage-first heap   total 98304K, used 22528K [0x0000000200000000, 0x0000000228000000)
  region size 1024K, 23 young (23552K), 0 survivors (0K)
 Metaspace       used 7256K, committed 7424K, reserved 196608K
  class space    used 696K, committed 768K, reserved 131072K
}
Event: 0.430 GC heap after
{Heap after GC invocations=1 (full 0):
 garbage-first heap   total 98304K, used 2048K [0x0000000200000000, 0x0000000228000000)
  region size 1024K, 2 young (2048K), 2 survivors (2048K)
 Metaspace       used 7256K, committed 7424K, reserved 196608K
  class space    used 696K, committed 768K, reserved 131072K
}
Event: 1.099 GC heap before
{Heap before GC invocations=1 (full 0):
 garbage-first heap   total 98304K, used 39936K [0x0000000200000000, 0x0000000228000000)
  region size 1024K, 37 young (37888K), 2 survivors (2048K)
 Metaspace       used 10723K, committed 10944K, reserved 196608K
  class space    used 1242K, committed 1344K, reserved 131072K
}
Event: 1.105 GC heap after
{Heap after GC invocations=2 (full 0):
 garbage-first heap   total 98304K, used 10240K [0x0000000200000000, 0x0000000228000000)
  region size 1024K, 5 young (5120K), 5 survivors (5120K)
 Metaspace       used 10723K, committed 10944K, reserved 196608K
  class space    used 1242K, committed 1344K, reserved 131072K
}
Event: 1.907 GC heap before
{Heap before GC invocations=2 (full 0):
 garbage-first heap   total 98304K, used 56320K [0x0000000200000000, 0x0000000228000000)
  region size 1024K, 48 young (49152K), 5 survivors (5120K)
 Metaspace       used 10726K, committed 10944K, reserved 196608K
  class space    used 1243K, committed 1344K, reserved 131072K
}
Event: 1.914 GC heap after
{Heap after GC invocations=3 (full 0):
 garbage-first heap   total 98304K, used 15535K [0x0000000200000000, 0x0000000228000000)
  region size 1024K, 4 young (4096K), 4 survivors (4096K)
 Metaspace       used 10726K, committed 10944K, reserved 196608K
  class space    used 1243K, committed 1344K, reserved 131072K
}
Event: 5.137 GC heap before
{Heap before GC invocations=3 (full 0):
 garbage-first heap   total 98304K, used 63663K [0x0000000200000000, 0x0000000228000000)
  region size 1024K, 52 young (53248K), 4 survivors (4096K)
 Metaspace       used 21086K, committed 21504K, reserved 196608K
  class space    used 2733K, committed 2944K, reserved 131072K
}
Event: 5.143 GC heap after
{Heap after GC invocations=4 (full 0):
 garbage-first heap   total 98304K, used 20329K [0x0000000200000000, 0x0000000228000000)
  region size 1024K, 8 young (8192K), 8 survivors (8192K)
 Metaspace       used 21086K, committed 21504K, reserved 196608K
  class space    used 2733K, committed 2944K, reserved 131072K
}
Event: 8.928 GC heap before
{Heap before GC invocations=5 (full 0):
 garbage-first heap   total 98304K, used 69481K [0x0000000200000000, 0x0000000228000000)
  region size 1024K, 57 young (58368K), 8 survivors (8192K)
 Metaspace       used 26970K, committed 27584K, reserved 196608K
  class space    used 3764K, committed 4032K, reserved 131072K
}
Event: 8.932 GC heap after
{Heap after GC invocations=6 (full 0):
 garbage-first heap   total 98304K, used 23810K [0x0000000200000000, 0x0000000228000000)
  region size 1024K, 8 young (8192K), 8 survivors (8192K)
 Metaspace       used 26970K, committed 27584K, reserved 196608K
  class space    used 3764K, committed 4032K, reserved 131072K
}
Event: 9.772 GC heap before
{Heap before GC invocations=6 (full 0):
 garbage-first heap   total 98304K, used 73986K [0x0000000200000000, 0x0000000228000000)
  region size 1024K, 57 young (58368K), 8 survivors (8192K)
 Metaspace       used 32677K, committed 33600K, reserved 196608K
  class space    used 4751K, committed 5184K, reserved 131072K
}
Event: 9.778 GC heap after
{Heap after GC invocations=7 (full 0):
 garbage-first heap   total 98304K, used 26336K [0x0000000200000000, 0x0000000228000000)
  region size 1024K, 6 young (6144K), 6 survivors (6144K)
 Metaspace       used 32677K, committed 33600K, reserved 196608K
  class space    used 4751K, committed 5184K, reserved 131072K
}
Event: 12.105 GC heap before
{Heap before GC invocations=7 (full 0):
 garbage-first heap   total 98304K, used 44768K [0x0000000200000000, 0x0000000228000000)
  region size 1024K, 25 young (25600K), 6 survivors (6144K)
 Metaspace       used 34804K, committed 35968K, reserved 196608K
  class space    used 5122K, committed 5696K, reserved 131072K
}
Event: 12.111 GC heap after
{Heap after GC invocations=8 (full 0):
 garbage-first heap   total 98304K, used 27711K [0x0000000200000000, 0x0000000228000000)
  region size 1024K, 4 young (4096K), 4 survivors (4096K)
 Metaspace       used 34804K, committed 35968K, reserved 196608K
  class space    used 5122K, committed 5696K, reserved 131072K
}
Event: 15.078 GC heap before
{Heap before GC invocations=9 (full 0):
 garbage-first heap   total 98304K, used 80959K [0x0000000200000000, 0x0000000228000000)
  region size 1024K, 57 young (58368K), 4 survivors (4096K)
 Metaspace       used 42427K, committed 43712K, reserved 196608K
  class space    used 6145K, committed 6784K, reserved 131072K
}
Event: 15.085 GC heap after
{Heap after GC invocations=10 (full 0):
 garbage-first heap   total 98304K, used 33240K [0x0000000200000000, 0x0000000228000000)
  region size 1024K, 8 young (8192K), 8 survivors (8192K)
 Metaspace       used 42427K, committed 43712K, reserved 196608K
  class space    used 6145K, committed 6784K, reserved 131072K
}
Event: 15.712 GC heap before
{Heap before GC invocations=10 (full 0):
 garbage-first heap   total 98304K, used 87512K [0x0000000200000000, 0x0000000228000000)
  region size 1024K, 56 young (57344K), 8 survivors (8192K)
 Metaspace       used 46743K, committed 48128K, reserved 196608K
  class space    used 6744K, committed 7424K, reserved 131072K
}

