# JRE version: Java(TM) SE Runtime Environment (21.0.11+9) (build 21.0.11+9-LTS-211)
# Java VM: Java HotSpot(TM) 64-Bit Server VM (21.0.11+9-LTS-211, mixed mode, emulated-client, tiered, compressed oops, compressed class ptrs, g1 gc, windows-amd64)
GC Precious Log:
 CardTable entry size: 512
 Card Set container configuration: InlinePtr #cards 5 size 8 Array Of Cards #cards 12 size 40 Howl #buckets 4 coarsen threshold 1843 Howl Bitmap #cards 512 size 80 coarsen threshold 460 Card regions per heap region 1 cards per card region 2048
 CPUs: 12 total, 12 available
 Memory: 16087M
 Large Page Support: Disabled
 NUMA Support: Disabled
 Compressed Oops: Enabled (32-bit)
 Heap Region Size: 1M
 Heap Min Capacity: 96M
 Heap Initial Capacity: 96M
 Heap Max Capacity: 640M
 Pre-touch: Disabled
 Parallel Workers: 10
 Concurrent Workers: 3
 Concurrent Refinement Workers: 10
 Periodic GC: Disabled
Heap:
 garbage-first heap   total 148480K, used 98341K [0x00000000d8000000, 0x0000000100000000)
  region size 1024K, 8 young (8192K), 5 survivors (5120K)
 Metaspace       used 85790K, committed 88064K, reserved 262144K
  class space    used 12331K, committed 13440K, reserved 131072K
GC Heap History (20 events):
Event: 13.812 GC heap before
{Heap before GC invocations=26 (full 0):
 garbage-first heap   total 111616K, used 86315K [0x00000000d8000000, 0x0000000100000000)
  region size 1024K, 24 young (24576K), 3 survivors (3072K)
 Metaspace       used 70959K, committed 72832K, reserved 196608K
  class space    used 9941K, committed 10880K, reserved 131072K
}
Event: 13.815 GC heap after
{Heap after GC invocations=27 (full 0):
 garbage-first heap   total 111616K, used 69188K [0x00000000d8000000, 0x0000000100000000)
  region size 1024K, 3 young (3072K), 3 survivors (3072K)
 Metaspace       used 70959K, committed 72832K, reserved 196608K
  class space    used 9941K, committed 10880K, reserved 131072K
}
Event: 14.036 GC heap before
{Heap before GC invocations=28 (full 0):
 garbage-first heap   total 138240K, used 104004K [0x00000000d8000000, 0x0000000100000000)
  region size 1024K, 33 young (33792K), 3 survivors (3072K)
 Metaspace       used 72446K, committed 74304K, reserved 196608K
  class space    used 10151K, committed 11072K, reserved 131072K
}
Event: 14.040 GC heap after
{Heap after GC invocations=29 (full 0):
 garbage-first heap   total 138240K, used 73306K [0x00000000d8000000, 0x0000000100000000)
  region size 1024K, 5 young (5120K), 5 survivors (5120K)
 Metaspace       used 72446K, committed 74304K, reserved 196608K
  class space    used 10151K, committed 11072K, reserved 131072K
}
Event: 14.326 GC heap before
{Heap before GC invocations=29 (full 0):
 garbage-first heap   total 138240K, used 117338K [0x00000000d8000000, 0x0000000100000000)
  region size 1024K, 48 young (49152K), 5 survivors (5120K)
 Metaspace       used 74922K, committed 76864K, reserved 262144K
  class space    used 10497K, committed 11456K, reserved 131072K
}
Event: 14.331 GC heap after
{Heap after GC invocations=30 (full 0):
 garbage-first heap   total 138240K, used 75855K [0x00000000d8000000, 0x0000000100000000)
  region size 1024K, 4 young (4096K), 4 survivors (4096K)
 Metaspace       used 74922K, committed 76864K, reserved 262144K
  class space    used 10497K, committed 11456K, reserved 131072K
}
Event: 14.789 GC heap before
{Heap before GC invocations=30 (full 0):
 garbage-first heap   total 138240K, used 118863K [0x00000000d8000000, 0x0000000100000000)
  region size 1024K, 46 young (47104K), 4 survivors (4096K)
 Metaspace       used 75500K, committed 77504K, reserved 262144K
  class space    used 10580K, committed 11584K, reserved 131072K
}
Event: 14.795 GC heap after
{Heap after GC invocations=31 (full 0):
 garbage-first heap   total 138240K, used 79870K [0x00000000d8000000, 0x0000000100000000)
  region size 1024K, 6 young (6144K), 6 survivors (6144K)
 Metaspace       used 75500K, committed 77504K, reserved 262144K
  class space    used 10580K, committed 11584K, reserved 131072K
}
Event: 15.083 GC heap before
{Heap before GC invocations=32 (full 0):
 garbage-first heap   total 140288K, used 121854K [0x00000000d8000000, 0x0000000100000000)
  region size 1024K, 47 young (48128K), 6 survivors (6144K)
 Metaspace       used 78592K, committed 80576K, reserved 262144K
  class space    used 11017K, committed 12032K, reserved 131072K
}
Event: 15.090 GC heap after
{Heap after GC invocations=33 (full 0):
 garbage-first heap   total 140288K, used 81993K [0x00000000d8000000, 0x0000000100000000)
  region size 1024K, 2 young (2048K), 2 survivors (2048K)
 Metaspace       used 78592K, committed 80576K, reserved 262144K
  class space    used 11017K, committed 12032K, reserved 131072K
}
Event: 15.596 GC heap before
{Heap before GC invocations=33 (full 0):
 garbage-first heap   total 140288K, used 125001K [0x00000000d8000000, 0x0000000100000000)
  region size 1024K, 44 young (45056K), 2 survivors (2048K)
 Metaspace       used 82134K, committed 84160K, reserved 262144K
  class space    used 11672K, committed 12672K, reserved 131072K
}
Event: 15.600 GC heap after
{Heap after GC invocations=34 (full 0):
 garbage-first heap   total 140288K, used 83184K [0x00000000d8000000, 0x0000000100000000)
  region size 1024K, 4 young (4096K), 4 survivors (4096K)
 Metaspace       used 82134K, committed 84160K, reserved 262144K
  class space    used 11672K, committed 12672K, reserved 131072K
}
Event: 17.238 GC heap before
{Heap before GC invocations=34 (full 0):
 garbage-first heap   total 140288K, used 126192K [0x00000000d8000000, 0x0000000100000000)
  region size 1024K, 47 young (48128K), 4 survivors (4096K)
 Metaspace       used 84021K, committed 86208K, reserved 262144K
  class space    used 11946K, committed 12992K, reserved 131072K
}
Event: 17.243 GC heap after
{Heap after GC invocations=35 (full 0):
 garbage-first heap   total 140288K, used 86760K [0x00000000d8000000, 0x0000000100000000)
  region size 1024K, 6 young (6144K), 6 survivors (6144K)
 Metaspace       used 84021K, committed 86208K, reserved 262144K
  class space    used 11946K, committed 12992K, reserved 131072K
}
Event: 18.760 GC heap before
{Heap before GC invocations=36 (full 0):
 garbage-first heap   total 148480K, used 124648K [0x00000000d8000000, 0x0000000100000000)
  region size 1024K, 44 young (45056K), 6 survivors (6144K)
 Metaspace       used 84032K, committed 86208K, reserved 262144K
  class space    used 11949K, committed 12992K, reserved 131072K
}
Event: 18.766 GC heap after
{Heap after GC invocations=37 (full 0):
 garbage-first heap   total 148480K, used 88404K [0x00000000d8000000, 0x0000000100000000)
  region size 1024K, 2 young (2048K), 2 survivors (2048K)
 Metaspace       used 84032K, committed 86208K, reserved 262144K
  class space    used 11949K, committed 12992K, reserved 131072K
}
Event: 19.420 GC heap before
{Heap before GC invocations=37 (full 0):
 garbage-first heap   total 148480K, used 135508K [0x00000000d8000000, 0x0000000100000000)
  region size 1024K, 48 young (49152K), 2 survivors (2048K)
 Metaspace       used 85188K, committed 87360K, reserved 262144K
  class space    used 12209K, committed 13248K, reserved 131072K
}
Event: 19.423 GC heap after
{Heap after GC invocations=38 (full 0):
 garbage-first heap   total 148480K, used 91501K [0x00000000d8000000, 0x0000000100000000)
  region size 1024K, 6 young (6144K), 6 survivors (6144K)
 Metaspace       used 85188K, committed 87360K, reserved 262144K
  class space    used 12209K, committed 13248K, reserved 131072K
}
Event: 19.832 GC heap before
{Heap before GC invocations=38 (full 0):
 garbage-first heap   total 148480K, used 133485K [0x00000000d8000000, 0x0000000100000000)
  region size 1024K, 47 young (48128K), 6 survivors (6144K)
 Metaspace       used 85677K, committed 87936K, reserved 262144K
  class space    used 12312K, committed 13376K, reserved 131072K
}
Event: 19.839 GC heap after
{Heap after GC invocations=39 (full 0):
 garbage-first heap   total 148480K, used 96293K [0x00000000d8000000, 0x0000000100000000)
  region size 1024K, 5 young (5120K), 5 survivors (5120K)
 Metaspace       used 85677K, committed 87936K, reserved 262144K
  class space    used 12312K, committed 13376K, reserved 131072K
}

